#separator \x09
#set_separator	,
#empty_field	(empty)
#unset_field	-
#path	loaded_scripts
#open	2016-04-05-20-07-59
#fields	name
#types	string
/opt/bro/share/bro/base/init-bare.bro
  /opt/bro/share/bro/base/bif/const.bif.bro
  /opt/bro/share/bro/base/bif/types.bif.bro
  /opt/bro/share/bro/base/bif/strings.bif.bro
  /opt/bro/share/bro/base/bif/bro.bif.bro
  /opt/bro/share/bro/base/bif/reporter.bif.bro
  /opt/bro/share/bro/base/bif/plugins/Bro_SNMP.types.bif.bro
  /opt/bro/share/bro/base/bif/event.bif.bro
  /opt/bro/share/bro/base/bif/plugins/__load__.bro
    /opt/bro/share/bro/base/bif/plugins/Bro_ARP.events.bif.bro
    /opt/bro/share/bro/base/bif/plugins/Bro_AYIYA.events.bif.bro
    /opt/bro/share/bro/base/bif/plugins/Bro_BackDoor.events.bif.bro
    /opt/bro/share/bro/base/bif/plugins/Bro_BitTorrent.events.bif.bro
    /opt/bro/share/bro/base/bif/plugins/Bro_ConnSize.events.bif.bro
    /opt/bro/share/bro/base/bif/plugins/Bro_DCE_RPC.events.bif.bro
    /opt/bro/share/bro/base/bif/plugins/Bro_DHCP.events.bif.bro
    /opt/bro/share/bro/base/bif/plugins/Bro_DNP3.events.bif.bro
    /opt/bro/share/bro/base/bif/plugins/Bro_DNS.events.bif.bro
    /opt/bro/share/bro/base/bif/plugins/Bro_File.events.bif.bro
    /opt/bro/share/bro/base/bif/plugins/Bro_Finger.events.bif.bro
    /opt/bro/share/bro/base/bif/plugins/Bro_FTP.events.bif.bro
    /opt/bro/share/bro/base/bif/plugins/Bro_FTP.functions.bif.bro
    /opt/bro/share/bro/base/bif/plugins/Bro_Gnutella.events.bif.bro
    /opt/bro/share/bro/base/bif/plugins/Bro_GTPv1.events.bif.bro
    /opt/bro/share/bro/base/bif/plugins/Bro_HTTP.events.bif.bro
    /opt/bro/share/bro/base/bif/plugins/Bro_HTTP.functions.bif.bro
    /opt/bro/share/bro/base/bif/plugins/Bro_ICMP.events.bif.bro
    /opt/bro/share/bro/base/bif/plugins/Bro_Ident.events.bif.bro
    /opt/bro/share/bro/base/bif/plugins/Bro_InterConn.events.bif.bro
    /opt/bro/share/bro/base/bif/plugins/Bro_IRC.events.bif.bro
    /opt/bro/share/bro/base/bif/plugins/Bro_Login.events.bif.bro
    /opt/bro/share/bro/base/bif/plugins/Bro_Login.functions.bif.bro
    /opt/bro/share/bro/base/bif/plugins/Bro_MIME.events.bif.bro
    /opt/bro/share/bro/base/bif/plugins/Bro_Modbus.events.bif.bro
    /opt/bro/share/bro/base/bif/plugins/Bro_NCP.events.bif.bro
    /opt/bro/share/bro/base/bif/plugins/Bro_NetBIOS.events.bif.bro
    /opt/bro/share/bro/base/bif/plugins/Bro_NetBIOS.functions.bif.bro
    /opt/bro/share/bro/base/bif/plugins/Bro_NetFlow.events.bif.bro
    /opt/bro/share/bro/base/bif/plugins/Bro_NTP.events.bif.bro
    /opt/bro/share/bro/base/bif/plugins/Bro_PIA.events.bif.bro
    /opt/bro/share/bro/base/bif/plugins/Bro_POP3.events.bif.bro
    /opt/bro/share/bro/base/bif/plugins/Bro_RADIUS.events.bif.bro
    /opt/bro/share/bro/base/bif/plugins/Bro_RPC.events.bif.bro
    /opt/bro/share/bro/base/bif/plugins/Bro_SNMP.events.bif.bro
    /opt/bro/share/bro/base/bif/plugins/Bro_SMB.events.bif.bro
    /opt/bro/share/bro/base/bif/plugins/Bro_SMTP.events.bif.bro
    /opt/bro/share/bro/base/bif/plugins/Bro_SMTP.functions.bif.bro
    /opt/bro/share/bro/base/bif/plugins/Bro_SOCKS.events.bif.bro
    /opt/bro/share/bro/base/bif/plugins/Bro_SSH.events.bif.bro
    /opt/bro/share/bro/base/bif/plugins/Bro_SSL.events.bif.bro
    /opt/bro/share/bro/base/bif/plugins/Bro_SteppingStone.events.bif.bro
    /opt/bro/share/bro/base/bif/plugins/Bro_Syslog.events.bif.bro
    /opt/bro/share/bro/base/bif/plugins/Bro_TCP.events.bif.bro
    /opt/bro/share/bro/base/bif/plugins/Bro_TCP.functions.bif.bro
    /opt/bro/share/bro/base/bif/plugins/Bro_Teredo.events.bif.bro
    /opt/bro/share/bro/base/bif/plugins/Bro_UDP.events.bif.bro
    /opt/bro/share/bro/base/bif/plugins/Bro_ZIP.events.bif.bro
    /opt/bro/share/bro/base/bif/plugins/Bro_FileExtract.events.bif.bro
    /opt/bro/share/bro/base/bif/plugins/Bro_FileExtract.functions.bif.bro
    /opt/bro/share/bro/base/bif/plugins/Bro_FileHash.events.bif.bro
    /opt/bro/share/bro/base/bif/plugins/Bro_Unified2.events.bif.bro
    /opt/bro/share/bro/base/bif/plugins/Bro_Unified2.types.bif.bro
    /opt/bro/share/bro/base/bif/plugins/Bro_X509.events.bif.bro
    /opt/bro/share/bro/base/bif/plugins/Bro_X509.types.bif.bro
    /opt/bro/share/bro/base/bif/plugins/Bro_X509.functions.bif.bro
  /opt/bro/share/bro/base/frameworks/logging/__load__.bro
    /opt/bro/share/bro/base/frameworks/logging/main.bro
      /opt/bro/share/bro/base/bif/logging.bif.bro
    /opt/bro/share/bro/base/frameworks/logging/postprocessors/__load__.bro
      /opt/bro/share/bro/base/frameworks/logging/postprocessors/scp.bro
      /opt/bro/share/bro/base/frameworks/logging/postprocessors/sftp.bro
    /opt/bro/share/bro/base/frameworks/logging/writers/ascii.bro
    /opt/bro/share/bro/base/frameworks/logging/writers/dataseries.bro
    /opt/bro/share/bro/base/frameworks/logging/writers/sqlite.bro
    /opt/bro/share/bro/base/frameworks/logging/writers/elasticsearch.bro
    /opt/bro/share/bro/base/frameworks/logging/writers/none.bro
  /opt/bro/share/bro/base/frameworks/input/__load__.bro
    /opt/bro/share/bro/base/frameworks/input/main.bro
      /opt/bro/share/bro/base/bif/input.bif.bro
    /opt/bro/share/bro/base/frameworks/input/readers/ascii.bro
    /opt/bro/share/bro/base/frameworks/input/readers/raw.bro
    /opt/bro/share/bro/base/frameworks/input/readers/benchmark.bro
    /opt/bro/share/bro/base/frameworks/input/readers/binary.bro
    /opt/bro/share/bro/base/frameworks/input/readers/sqlite.bro
  /opt/bro/share/bro/base/frameworks/analyzer/__load__.bro
    /opt/bro/share/bro/base/frameworks/analyzer/main.bro
      /opt/bro/share/bro/base/frameworks/packet-filter/utils.bro
      /opt/bro/share/bro/base/bif/analyzer.bif.bro
  /opt/bro/share/bro/base/frameworks/files/__load__.bro
    /opt/bro/share/bro/base/frameworks/files/main.bro
      /opt/bro/share/bro/base/bif/file_analysis.bif.bro
      /opt/bro/share/bro/base/utils/site.bro
        /opt/bro/share/bro/base/utils/patterns.bro
    /opt/bro/share/bro/base/frameworks/files/magic/__load__.bro
  /opt/bro/share/bro/base/bif/__load__.bro
    /opt/bro/share/bro/base/bif/bloom-filter.bif.bro
    /opt/bro/share/bro/base/bif/cardinality-counter.bif.bro
    /opt/bro/share/bro/base/bif/top-k.bif.bro
    /opt/bro/share/bro/base/bif/broxygen.bif.bro
/opt/bro/share/bro/base/init-default.bro
  /opt/bro/share/bro/base/utils/active-http.bro
    /opt/bro/share/bro/base/utils/exec.bro
  /opt/bro/share/bro/base/utils/addrs.bro
  /opt/bro/share/bro/base/utils/conn-ids.bro
  /opt/bro/share/bro/base/utils/dir.bro
    /opt/bro/share/bro/base/frameworks/reporter/__load__.bro
      /opt/bro/share/bro/base/frameworks/reporter/main.bro
    /opt/bro/share/bro/base/utils/paths.bro
  /opt/bro/share/bro/base/utils/directions-and-hosts.bro
  /opt/bro/share/bro/base/utils/files.bro
  /opt/bro/share/bro/base/utils/numbers.bro
  /opt/bro/share/bro/base/utils/queue.bro
  /opt/bro/share/bro/base/utils/strings.bro
  /opt/bro/share/bro/base/utils/thresholds.bro
  /opt/bro/share/bro/base/utils/time.bro
  /opt/bro/share/bro/base/utils/urls.bro
  /opt/bro/share/bro/base/frameworks/notice/__load__.bro
    /opt/bro/share/bro/base/frameworks/notice/main.bro
    /opt/bro/share/bro/base/frameworks/notice/weird.bro
    /opt/bro/share/bro/base/frameworks/notice/actions/drop.bro
    /opt/bro/share/bro/base/frameworks/notice/actions/email_admin.bro
    /opt/bro/share/bro/base/frameworks/notice/actions/page.bro
    /opt/bro/share/bro/base/frameworks/notice/actions/add-geodata.bro
    /opt/bro/share/bro/base/frameworks/notice/extend-email/hostnames.bro
    /opt/bro/share/bro/base/frameworks/cluster/__load__.bro
      /opt/bro/share/bro/base/frameworks/cluster/main.bro
        /opt/bro/share/bro/base/frameworks/control/__load__.bro
          /opt/bro/share/bro/base/frameworks/control/main.bro
    /opt/bro/share/bro/base/frameworks/notice/non-cluster.bro
    /opt/bro/share/bro/base/frameworks/notice/actions/pp-alarms.bro
  /opt/bro/share/bro/base/frameworks/dpd/__load__.bro
    /opt/bro/share/bro/base/frameworks/dpd/main.bro
  /opt/bro/share/bro/base/frameworks/signatures/__load__.bro
    /opt/bro/share/bro/base/frameworks/signatures/main.bro
  /opt/bro/share/bro/base/frameworks/packet-filter/__load__.bro
    /opt/bro/share/bro/base/frameworks/packet-filter/main.bro
    /opt/bro/share/bro/base/frameworks/packet-filter/netstats.bro
  /opt/bro/share/bro/base/frameworks/software/__load__.bro
    /opt/bro/share/bro/base/frameworks/software/main.bro
  /opt/bro/share/bro/base/frameworks/communication/__load__.bro
    /opt/bro/share/bro/base/frameworks/communication/main.bro
  /opt/bro/share/bro/base/frameworks/intel/__load__.bro
    /opt/bro/share/bro/base/frameworks/intel/main.bro
    /opt/bro/share/bro/base/frameworks/intel/input.bro
  /opt/bro/share/bro/base/frameworks/sumstats/__load__.bro
    /opt/bro/share/bro/base/frameworks/sumstats/main.bro
    /opt/bro/share/bro/base/frameworks/sumstats/plugins/__load__.bro
      /opt/bro/share/bro/base/frameworks/sumstats/plugins/average.bro
      /opt/bro/share/bro/base/frameworks/sumstats/plugins/hll_unique.bro
      /opt/bro/share/bro/base/frameworks/sumstats/plugins/last.bro
      /opt/bro/share/bro/base/frameworks/sumstats/plugins/max.bro
      /opt/bro/share/bro/base/frameworks/sumstats/plugins/min.bro
      /opt/bro/share/bro/base/frameworks/sumstats/plugins/sample.bro
      /opt/bro/share/bro/base/frameworks/sumstats/plugins/std-dev.bro
        /opt/bro/share/bro/base/frameworks/sumstats/plugins/variance.bro
      /opt/bro/share/bro/base/frameworks/sumstats/plugins/sum.bro
      /opt/bro/share/bro/base/frameworks/sumstats/plugins/topk.bro
      /opt/bro/share/bro/base/frameworks/sumstats/plugins/unique.bro
    /opt/bro/share/bro/base/frameworks/sumstats/non-cluster.bro
  /opt/bro/share/bro/base/frameworks/tunnels/__load__.bro
    /opt/bro/share/bro/base/frameworks/tunnels/main.bro
  /opt/bro/share/bro/base/protocols/conn/__load__.bro
    /opt/bro/share/bro/base/protocols/conn/main.bro
    /opt/bro/share/bro/base/protocols/conn/contents.bro
    /opt/bro/share/bro/base/protocols/conn/inactivity.bro
    /opt/bro/share/bro/base/protocols/conn/polling.bro
  /opt/bro/share/bro/base/protocols/dhcp/__load__.bro
    /opt/bro/share/bro/base/protocols/dhcp/consts.bro
    /opt/bro/share/bro/base/protocols/dhcp/main.bro
      /opt/bro/share/bro/base/protocols/dhcp/utils.bro
  /opt/bro/share/bro/base/protocols/dnp3/__load__.bro
    /opt/bro/share/bro/base/protocols/dnp3/main.bro
      /opt/bro/share/bro/base/protocols/dnp3/consts.bro
  /opt/bro/share/bro/base/protocols/dns/__load__.bro
    /opt/bro/share/bro/base/protocols/dns/consts.bro
    /opt/bro/share/bro/base/protocols/dns/main.bro
  /opt/bro/share/bro/base/protocols/ftp/__load__.bro
    /opt/bro/share/bro/base/protocols/ftp/utils-commands.bro
    /opt/bro/share/bro/base/protocols/ftp/info.bro
    /opt/bro/share/bro/base/protocols/ftp/main.bro
      /opt/bro/share/bro/base/protocols/ftp/utils.bro
    /opt/bro/share/bro/base/protocols/ftp/files.bro
    /opt/bro/share/bro/base/protocols/ftp/gridftp.bro
      /opt/bro/share/bro/base/protocols/ssl/__load__.bro
        /opt/bro/share/bro/base/protocols/ssl/consts.bro
        /opt/bro/share/bro/base/protocols/ssl/main.bro
        /opt/bro/share/bro/base/protocols/ssl/mozilla-ca-list.bro
        /opt/bro/share/bro/base/protocols/ssl/files.bro
          /opt/bro/share/bro/base/files/x509/__load__.bro
            /opt/bro/share/bro/base/files/x509/main.bro
              /opt/bro/share/bro/base/files/hash/__load__.bro
                /opt/bro/share/bro/base/files/hash/main.bro
  /opt/bro/share/bro/base/protocols/http/__load__.bro
    /opt/bro/share/bro/base/protocols/http/main.bro
    /opt/bro/share/bro/base/protocols/http/entities.bro
    /opt/bro/share/bro/base/protocols/http/utils.bro
    /opt/bro/share/bro/base/protocols/http/files.bro
  /opt/bro/share/bro/base/protocols/irc/__load__.bro
    /opt/bro/share/bro/base/protocols/irc/main.bro
    /opt/bro/share/bro/base/protocols/irc/dcc-send.bro
    /opt/bro/share/bro/base/protocols/irc/files.bro
  /opt/bro/share/bro/base/protocols/modbus/__load__.bro
    /opt/bro/share/bro/base/protocols/modbus/consts.bro
    /opt/bro/share/bro/base/protocols/modbus/main.bro
  /opt/bro/share/bro/base/protocols/pop3/__load__.bro
  /opt/bro/share/bro/base/protocols/radius/__load__.bro
    /opt/bro/share/bro/base/protocols/radius/main.bro
      /opt/bro/share/bro/base/protocols/radius/consts.bro
  /opt/bro/share/bro/base/protocols/snmp/__load__.bro
    /opt/bro/share/bro/base/protocols/snmp/main.bro
  /opt/bro/share/bro/base/protocols/smtp/__load__.bro
    /opt/bro/share/bro/base/protocols/smtp/main.bro
    /opt/bro/share/bro/base/protocols/smtp/entities.bro
    /opt/bro/share/bro/base/protocols/smtp/files.bro
  /opt/bro/share/bro/base/protocols/socks/__load__.bro
    /opt/bro/share/bro/base/protocols/socks/consts.bro
    /opt/bro/share/bro/base/protocols/socks/main.bro
  /opt/bro/share/bro/base/protocols/ssh/__load__.bro
    /opt/bro/share/bro/base/protocols/ssh/main.bro
  /opt/bro/share/bro/base/protocols/syslog/__load__.bro
    /opt/bro/share/bro/base/protocols/syslog/consts.bro
    /opt/bro/share/bro/base/protocols/syslog/main.bro
  /opt/bro/share/bro/base/protocols/tunnels/__load__.bro
  /opt/bro/share/bro/base/files/extract/__load__.bro
    /opt/bro/share/bro/base/files/extract/main.bro
  /opt/bro/share/bro/base/files/unified2/__load__.bro
    /opt/bro/share/bro/base/files/unified2/main.bro
  /opt/bro/share/bro/base/misc/find-checksum-offloading.bro
  /opt/bro/share/bro/base/misc/find-filtered-trace.bro
/opt/bro/share/bro/site/local.bro
  /opt/bro/share/bro/policy/misc/loaded-scripts.bro
  /opt/bro/share/bro/policy/tuning/defaults/__load__.bro
    /opt/bro/share/bro/policy/tuning/defaults/packet-fragments.bro
    /opt/bro/share/bro/policy/tuning/defaults/warnings.bro
    /opt/bro/share/bro/policy/tuning/defaults/extracted_file_limits.bro
  /opt/bro/share/bro/policy/misc/scan.bro
  /opt/bro/share/bro/policy/misc/app-stats/__load__.bro
    /opt/bro/share/bro/policy/misc/app-stats/main.bro
    /opt/bro/share/bro/policy/misc/app-stats/plugins/__load__.bro
      /opt/bro/share/bro/policy/misc/app-stats/plugins/facebook.bro
  /opt/bro/share/bro/policy/misc/detect-traceroute/__load__.bro
    /opt/bro/share/bro/policy/misc/detect-traceroute/main.bro
  /opt/bro/share/bro/policy/frameworks/software/vulnerable.bro
  /opt/bro/share/bro/policy/frameworks/software/version-changes.bro
  /opt/bro/share/bro/policy/protocols/ftp/software.bro
  /opt/bro/share/bro/policy/protocols/smtp/software.bro
  /opt/bro/share/bro/policy/protocols/ssh/software.bro
  /opt/bro/share/bro/policy/protocols/http/software.bro
  /opt/bro/share/bro/policy/protocols/dns/detect-external-names.bro
  /opt/bro/share/bro/policy/protocols/ftp/detect.bro
  /opt/bro/share/bro/policy/protocols/conn/known-hosts.bro
  /opt/bro/share/bro/policy/protocols/conn/known-services.bro
  /opt/bro/share/bro/policy/protocols/ssl/known-certs.bro
  /opt/bro/share/bro/policy/protocols/ssl/validate-certs.bro
  /opt/bro/share/bro/policy/protocols/ssl/log-hostcerts-only.bro
  /opt/bro/share/bro/policy/protocols/ssh/geo-data.bro
  /opt/bro/share/bro/policy/protocols/ssh/detect-bruteforcing.bro
  /opt/bro/share/bro/policy/protocols/ssh/interesting-hostnames.bro
  /opt/bro/share/bro/policy/protocols/http/detect-sqli.bro
  /opt/bro/share/bro/policy/frameworks/files/hash-all-files.bro
  /opt/bro/share/bro/policy/frameworks/files/detect-MHR.bro
  /opt/bro/share/bro/securityonion/__load__.bro
    /opt/bro/share/bro/securityonion/sensortab.bro
      /opt/bro/share/bro/securityonion/readfile.bro
    /opt/bro/share/bro/securityonion/bpfconf.bro
    /opt/bro/share/bro/securityonion/add-interface-to-logs.bro
    /opt/bro/share/bro/securityonion/load-non-default-scripts.bro
      /opt/bro/share/bro/policy/misc/capture-loss.bro
    /opt/bro/share/bro/securityonion/conn-add-country.bro
    /opt/bro/share/bro/securityonion/conn-add-sensorname.bro
    /opt/bro/share/bro/securityonion/config-bro.bro
  /opt/bro/share/bro/intel/__load__.bro
    /opt/bro/share/bro/policy/frameworks/intel/seen/__load__.bro
      /opt/bro/share/bro/policy/frameworks/intel/seen/conn-established.bro
        /opt/bro/share/bro/policy/frameworks/intel/seen/where-locations.bro
      /opt/bro/share/bro/policy/frameworks/intel/seen/dns.bro
      /opt/bro/share/bro/policy/frameworks/intel/seen/file-hashes.bro
      /opt/bro/share/bro/policy/frameworks/intel/seen/file-names.bro
      /opt/bro/share/bro/policy/frameworks/intel/seen/http-headers.bro
      /opt/bro/share/bro/policy/frameworks/intel/seen/http-url.bro
      /opt/bro/share/bro/policy/frameworks/intel/seen/ssl.bro
      /opt/bro/share/bro/policy/frameworks/intel/seen/smtp.bro
      /opt/bro/share/bro/policy/frameworks/intel/seen/smtp-url-extraction.bro
      /opt/bro/share/bro/policy/frameworks/intel/seen/x509.bro
    /opt/bro/share/bro/policy/frameworks/intel/do_notice.bro
  /opt/bro/share/bro/shellshock/__load__.bro
    /opt/bro/share/bro/shellshock/main.bro
#close	2016-04-05-20-07-59
