#separator \x09
#set_separator	,
#empty_field	(empty)
#unset_field	-
#path	x509
#open	2016-04-05-20-07-59
#fields	ts	id	certificate.version	certificate.serial	certificate.subject	certificate.issuer	certificate.not_valid_before	certificate.not_valid_after	certificate.key_alg	certificate.sig_alg	certificate.key_type	certificate.key_length	certificate.exponent	certificate.curve	san.dns	san.uri	san.email	san.ip	basic_constraints.ca	basic_constraints.path_len
#types	time	string	count	string	string	string	time	time	string	string	string	count	string	string	vector[string]	vector[string]	vector[string]	vector[addr]	bool	count
1416004482.182382	Fv83z4aeRC7AS3Uf4	3	8A6A5FB525642E83	CN=www.5c7l232phogiprh.net	CN=www.omdnafmcv7.com	1413864000.000000	1419915599.000000	rsaEncryption	sha1WithRSAEncryption	rsa	1024	65537	-	-	-	-	-	-	-
1416004491.411159	FewXqd1JuHGcbZK6h2	3	88DA293F34864C86	CN=www.quxrwvf423.net	CN=www.ckejvutvsyc.com	1407729600.000000	1417928400.000000	rsaEncryption	sha1WithRSAEncryption	rsa	1024	65537	-	-	-	-	-	-	-
1416004492.210101	FXWOr72CYwvL7EdYa2	3	C21EFDA09FF0624A	CN=www.fmly35kqf6cehh.net	CN=www.frmwscfrs.com	1415854800.000000	1418273999.000000	rsaEncryption	sha1WithRSAEncryption	rsa	1024	65537	-	-	-	-	-	-	-
1416004594.909692	FiWyWKLnQvTmsskhb	3	B1AF6C54C7EC322F	CN=www.dosn4eeisl223t2t.net	CN=www.mz5lity3zx2.com	1415768400.000000	1423458000.000000	rsaEncryption	sha1WithRSAEncryption	rsa	1024	65537	-	-	-	-	-	-	-
1416004605.567779	FnJ6pG3e5wdvdTSUIg	3	88DA293F34864C86	CN=www.quxrwvf423.net	CN=www.ckejvutvsyc.com	1407729600.000000	1417928400.000000	rsaEncryption	sha1WithRSAEncryption	rsa	1024	65537	-	-	-	-	-	-	-
1416004607.236310	Fmd3Sn4ybWCUeOwL4d	3	51A865E7820B9EDB	CN=www.xwv4bb5mp34b.net	CN=www.rvhgkkbqtrq.com	1414900800.000000	1430539200.000000	rsaEncryption	sha1WithRSAEncryption	rsa	1024	65537	-	-	-	-	-	-	-
1416004607.252190	FELaVH4eZ1HmpKYr6	3	B5C1F54A35AF6CFB	CN=www.zd7gvfkdg47.net	CN=www.mkslltg4y5go5.com	1407556800.000000	1428552000.000000	rsaEncryption	sha1WithRSAEncryption	rsa	1024	65537	-	-	-	-	-	-	-
1416004607.292260	F5186G3CouZOCKEgxc	3	93C4341B6AA32ADC	CN=www.bdksseh2vgj.net	CN=www.xgtmq2xfcc.com	1415509200.000000	1418273999.000000	rsaEncryption	sha1WithRSAEncryption	rsa	1024	65537	-	-	-	-	-	-	-
1416004607.327304	Fszfx141KBXcOExpD9	3	81F01D5F55B7827F	CN=www.gdtokphjrahsfd4ews.net	CN=www.upcrwh7gbe2fy6df.com	1397793600.000000	1421816400.000000	rsaEncryption	sha1WithRSAEncryption	rsa	1024	65537	-	-	-	-	-	-	-
1416004607.327416	Fwf2mO3clS8NRQ5Ho	3	3CD561E244FED16D	CN=www.kdm5tkbtvaadxrhmzz4w.net	CN=www.vqw4b3k2vtqhauvk.com	1416114000.000000	1418792399.000000	rsaEncryption	sha1WithRSAEncryption	rsa	1024	65537	-	-	-	-	-	-	-
1416004607.338551	F8JvDK18vuQKdqfAJ4	3	0C691A3EFE0ACADC	CN=www.3klj665qp2mkayzd.net	CN=www.ib6i62vqojngqrhtax.com	1411876800.000000	1418187600.000000	rsaEncryption	sha1WithRSAEncryption	rsa	1024	65537	-	-	-	-	-	-	-
1416004607.367362	F9ohfyH9mySoeZrc7	3	969FE9C5063CBF0C	CN=www.efe3eegllzhv.net	CN=www.2dut75ja4w5n5lhso.com	1404792000.000000	1433044800.000000	rsaEncryption	sha1WithRSAEncryption	rsa	1024	65537	-	-	-	-	-	-	-
1416004607.371345	Fh9fJz1Ruh2aH1o5m7	3	7D12422687BBB974	CN=www.n6rkzrpjdz3amxl.net	CN=www.htsutobjq4sobeux.com	1408334400.000000	1416200400.000000	rsaEncryption	sha1WithRSAEncryption	rsa	1024	65537	-	-	-	-	-	-	-
1416004607.380298	FedBSJ3tvkRTCSQtlb	3	4F7B6BE97369B71E	CN=www.s7mrtydlopzyn.net	CN=www.55zflrgjxqmihzgkcr6.com	1416018157.000000	1447554157.000000	rsaEncryption	sha1WithRSAEncryption	rsa	1024	65537	-	-	-	-	-	-	-
1416004607.380356	Fvdf3Z3uM840cng6wf	3	46033304A10017FC	CN=www.44rnilfmy.net	CN=www.fkcbv4ajn4pl4.com	1414209600.000000	1418014800.000000	rsaEncryption	sha1WithRSAEncryption	rsa	1024	65537	-	-	-	-	-	-	-
1416004607.382102	FemVTM2M1ZR109J9r2	3	D1D10D8E83C85BD1	CN=www.expz6onn5ihysiyxu.net	CN=www.mu7rkd4zuuka.com	1394856000.000000	1418965199.000000	rsaEncryption	sha1WithRSAEncryption	rsa	1024	65537	-	-	-	-	-	-	-
1416004607.405289	FRQUh51pWEzv4R4Ga9	3	8C0C9E27C5E11482	CN=www.br75i6lh6ol56wb7v.net	CN=www.4l3xk2j7oqdfqhz.com	1410580800.000000	1419397200.000000	rsaEncryption	sha1WithRSAEncryption	rsa	1024	65537	-	-	-	-	-	-	-
1416004607.405441	FY2KBQ377JCGpC6I0c	3	9006B000EED5579B	CN=www.jyr7gg4h63wavlepq.net	CN=www.wicuozolfoxx.com	1405915200.000000	1425618000.000000	rsaEncryption	sha1WithRSAEncryption	rsa	1024	65537	-	-	-	-	-	-	-
1416004607.425643	FhU0Bd2czbmmczBTs7	3	863C4EF57499E282	CN=www.4ol2xm2i7.net	CN=www.pfq4yflzyq.com	1410667200.000000	1418533200.000000	rsaEncryption	sha1WithRSAEncryption	rsa	1024	65537	-	-	-	-	-	-	-
1416004607.425660	Fmc32X1udEjSUm1oZi	3	C17626F2AEF20916	CN=www.ketfg3cxqkmocfh6kf.net	CN=www.ul7x6uv5uz.com	1414209600.000000	1435463999.000000	rsaEncryption	sha1WithRSAEncryption	rsa	1024	65537	-	-	-	-	-	-	-
1416004607.450422	F7GnqL3ZT6bj30ckuf	3	A9D35A910975D2A2	CN=www.wut7du5ll25za.net	CN=www.n4pbzkvt7p2rs.com	1413000000.000000	1417582799.000000	rsaEncryption	sha1WithRSAEncryption	rsa	1024	65537	-	-	-	-	-	-	-
1416004607.459023	FCA1Tb7BZsGZVHxL8	3	471C240437B586DD	CN=www.gp6hewxgeeuja4it.net	CN=www.6r3dtur5yazk76.com	1414209600.000000	1418101200.000000	rsaEncryption	sha1WithRSAEncryption	rsa	1024	65537	-	-	-	-	-	-	-
1416004607.469112	FwOGYf1dDpcwtvsiNk	3	2C19676092BE20E8	CN=www.udzzlxnjj6oenpye.net	CN=www.x6yru5x4i2kqcd4h4us.com	1396756800.000000	1418533200.000000	rsaEncryption	sha1WithRSAEncryption	rsa	1024	65537	-	-	-	-	-	-	-
1416004607.469136	Fp3jFp38Doa159Lri2	3	8172AA75551FEB5D	CN=www.brru3oigw.net	CN=www.usfaxchvj.com	1412308800.000000	1421384400.000000	rsaEncryption	sha1WithRSAEncryption	rsa	1024	65537	-	-	-	-	-	-	-
1416004607.469231	FbvsbW3HEw46MDoQG8	3	01AC22E3584EFD97	CN=www.rwuna4mx.net	CN=www.fcbp2cvwdkam6o.com	1410062400.000000	1420865999.000000	rsaEncryption	sha1WithRSAEncryption	rsa	1024	65537	-	-	-	-	-	-	-
1416004607.483896	FPt9Vw3Gw4whJmS6nb	3	41D3E25260319F49	CN=www.h5vaw5tv3i.net	CN=www.hamqufk5dtdtgvy336w.com	1405051200.000000	1431403200.000000	rsaEncryption	sha1WithRSAEncryption	rsa	1024	65537	-	-	-	-	-	-	-
1416004607.488594	FvFCrg25ew37H2omKb	3	EE2804A537046517	CN=www.7olfkygzbzdebmu.net	CN=www.crgeqyxy.com	1411790400.000000	1428638399.000000	rsaEncryption	sha1WithRSAEncryption	rsa	1024	65537	-	-	-	-	-	-	-
1416004607.488603	FVwN4X2e2PSVnSyHPi	3	BD789A6A2605BD7E	CN=www.2r45rte3sfyklk4dk.net	CN=www.xgvyevkwb4d.com	1398484800.000000	1421384400.000000	rsaEncryption	sha1WithRSAEncryption	rsa	1024	65537	-	-	-	-	-	-	-
1416004607.493232	FzbAYy2s0SInimGIdi	3	46D2F6F76BD49B15	CN=www.chnozjepln2.net	CN=www.u7y6fpatz6bjsr.com	1409025600.000000	1423026000.000000	rsaEncryption	sha1WithRSAEncryption	rsa	1024	65537	-	-	-	-	-	-	-
1416004607.498101	FGFW7p3P30zbYMJkn4	3	CD0EB43D98460C3A	CN=www.ryt5mtodofwql2o2gbq3.net	CN=www.ncvcowcngvbj4vyarh.com	1407038400.000000	1426219199.000000	rsaEncryption	sha1WithRSAEncryption	rsa	1024	65537	-	-	-	-	-	-	-
1416004607.498764	FScxIi2fbM1CMJVQie	3	EAA712781302E693	CN=www.dbhgkzy2ercb3o3aoztw.net	CN=www.qer54gspwsbr6xostwbo.com	1414641600.000000	1417496400.000000	rsaEncryption	sha1WithRSAEncryption	rsa	1024	65537	-	-	-	-	-	-	-
1416004607.505082	F5voOH253w77RMEfk3	3	68E2414B53C30A74	CN=www.mpoeorfu.net	CN=www.utiouduwhcj.com	1415336400.000000	1416200399.000000	rsaEncryption	sha1WithRSAEncryption	rsa	1024	65537	-	-	-	-	-	-	-
1416004607.505354	FbdTnE3fu7V68grtwh	3	C7EF52879380E627	CN=www.xcko4u4fcyms4cb23ckf.net	CN=www.qzuu656xg5ixv4.com	1411444800.000000	1424840400.000000	rsaEncryption	sha1WithRSAEncryption	rsa	1024	65537	-	-	-	-	-	-	-
1416004607.508280	FoLYoW3DBshzHuxb9j	3	796ADC713CCF1FC0	CN=www.otivz2mlq3mb.net	CN=www.y5dglfxfqajp.com	1412568000.000000	1418101200.000000	rsaEncryption	sha1WithRSAEncryption	rsa	1024	65537	-	-	-	-	-	-	-
1416004607.508287	Fdo8Rp2WGKMK7hBSc6	3	C2C921F96485ED95	CN=www.sl43lh24jd5oeyn.net	CN=www.jszcedxlpb.com	1415595600.000000	1418533200.000000	rsaEncryption	sha1WithRSAEncryption	rsa	1024	65537	-	-	-	-	-	-	-
1416004607.511053	F3rjF32uHSzWCXd9jj	3	68DECD00469436AA	CN=www.dknkjjtr2j.net	CN=www.qp2fhyxldwpimk.com	1395460800.000000	1418533200.000000	rsaEncryption	sha1WithRSAEncryption	rsa	1024	65537	-	-	-	-	-	-	-
1416004607.511757	FcppkvC4VnKSWRi7j	3	C528C1384FA709CD	CN=www.yxjxilzg7kd2774uzdwz.net	CN=www.y7luoxpwj.com	1414641600.000000	1427601600.000000	rsaEncryption	sha1WithRSAEncryption	rsa	1024	65537	-	-	-	-	-	-	-
1416004607.512549	FH4GeZ2CpF2Q0cWDFl	3	6E14E1D869C82EE1	CN=www.otya65wzbqq2sik3z.net	CN=www.5hr6ur6vi7wb7az7qc7.com	1405656000.000000	1434340800.000000	rsaEncryption	sha1WithRSAEncryption	rsa	1024	65537	-	-	-	-	-	-	-
1416004607.512633	FJF5GQ1KhOp3cELxsk	3	D541984DF1FCCCBC	CN=www.swp4pgxfdo2krk.net	CN=www.onq2xrd7b72gzps4.com	1401422400.000000	1428811200.000000	rsaEncryption	sha1WithRSAEncryption	rsa	1024	65537	-	-	-	-	-	-	-
1416004607.518047	FkZpTR1T6bUs2bgy2j	3	B233B87D3929154D	CN=www.d4yzrh2iqcffz6p.net	CN=www.oqa27ctxvv74lejpu.com	1395633600.000000	1420433999.000000	rsaEncryption	sha1WithRSAEncryption	rsa	1024	65537	-	-	-	-	-	-	-
1416004607.533929	FRdEvF9a6yh5Lpuc	3	88DEB64B32918D33	CN=www.upnw2hbxnnv4.net	CN=www.fl734hvyftuc4.com	1411790400.000000	1420088400.000000	rsaEncryption	sha1WithRSAEncryption	rsa	1024	65537	-	-	-	-	-	-	-
1416004607.534217	FM7qCy1kPh8DJsWNLg	3	2D852D2E622F2E12	CN=www.q2omh27ajjhxbpljmcy.net	CN=www.xim75pq5mro.com	1415163600.000000	1418619600.000000	rsaEncryption	sha1WithRSAEncryption	rsa	1024	65537	-	-	-	-	-	-	-
1416004607.534504	FUZHBv1vHtc3xYtXN9	3	557C1D79BB5FC5FE	CN=www.3ifid2rbzuq.net	CN=www.c4a3g52j77e44ssy6xu2.com	1410235200.000000	1422334800.000000	rsaEncryption	sha1WithRSAEncryption	rsa	1024	65537	-	-	-	-	-	-	-
1416004607.534511	F1GfLa2NrpPc6Q6W62	3	5607FFB3F2AEE1D6	CN=www.rgolxdwgf.net	CN=www.ch3kln7uq6elj6.com	1416019356.000000	1447555356.000000	rsaEncryption	sha1WithRSAEncryption	rsa	1024	65537	-	-	-	-	-	-	-
1416004607.538253	Fhkkjs1n6R8wovR56d	3	DD197BFDD90B80E4	CN=www.clbqsoy65ydlbow.net	CN=www.fwi5fh72767t74.com	1399780800.000000	1423371599.000000	rsaEncryption	sha1WithRSAEncryption	rsa	1024	65537	-	-	-	-	-	-	-
1416004607.538576	F2hGWa1r47UvVrynCj	3	CB3DFDE5A7F0EBA4	CN=www.nab6zz33ftg3l.net	CN=www.mqobxxmbea.com	1416020014.000000	1447556014.000000	rsaEncryption	sha1WithRSAEncryption	rsa	1024	65537	-	-	-	-	-	-	-
1416004607.549922	F1MgsHcOHyxvJpzI	3	E059C65173ECAD79	CN=www.32q66zx4pg66klp6.net	CN=www.rjgi42g6uc2g.com	1413086400.000000	1444363200.000000	rsaEncryption	sha1WithRSAEncryption	rsa	1024	65537	-	-	-	-	-	-	-
1416004607.550623	FAh2e93JoIX7hBcH9e	3	28C7F5C2940FEEB9	CN=www.fn37sn2bug3a.net	CN=www.anlushhad2p6.com	1412222400.000000	1431489600.000000	rsaEncryption	sha1WithRSAEncryption	rsa	1024	65537	-	-	-	-	-	-	-
1416004607.550634	Fa5QOy4LklMtaxHXNd	3	E0653389D24D2E55	CN=www.yyx5gfwpekdntyn.net	CN=www.jxba42uholztqktn4.com	1404619200.000000	1417928399.000000	rsaEncryption	sha1WithRSAEncryption	rsa	1024	65537	-	-	-	-	-	-	-
1416004607.555640	FvIWQ2mOQdEvaew66	3	32AB277769A0F99D	CN=www.hw4ldi5gzhdmh5czrf24.net	CN=www.oli3f5rwqbtfekd6t.com	1411617600.000000	1430539199.000000	rsaEncryption	sha1WithRSAEncryption	rsa	1024	65537	-	-	-	-	-	-	-
1416004607.555755	FX3WKd5wk6M5LhLvk	3	E4250F065A3DFB99	CN=www.rh5jybf5xaslrymmn6.net	CN=www.onmlnwhximltzy.com	1411185600.000000	1422334799.000000	rsaEncryption	sha1WithRSAEncryption	rsa	1024	65537	-	-	-	-	-	-	-
1416004607.557842	F6CFkk43KHrbPSyyF	3	FB3C5002B2A76881	CN=www.zd4f2whsa.net	CN=www.ey5lnqce.com	1409198400.000000	1426910399.000000	rsaEncryption	sha1WithRSAEncryption	rsa	1024	65537	-	-	-	-	-	-	-
1416004607.560113	F0dWnZ1GhJomgfUldj	3	80BF828509312018	CN=www.hk7b5ixmsfzs4dkfa.net	CN=www.hoooobjnpbisexasl.com	1386910800.000000	1418187599.000000	rsaEncryption	sha1WithRSAEncryption	rsa	1024	65537	-	-	-	-	-	-	-
1416004607.560121	FxFJtL20Rsl7lTpVdf	3	1762CCA4E4F99712	CN=www.q64dahhoufsa4yrxuao.net	CN=www.whogrjqfmxjq4jlf7z.com	1408161600.000000	1435982400.000000	rsaEncryption	sha1WithRSAEncryption	rsa	1024	65537	-	-	-	-	-	-	-
1416004607.562547	Fe4FA1dvyCyabcPEe	3	7CE5A4A8EA7D93A4	CN=www.pvbjensl.net	CN=www.ijiwfqnt.com	1392699600.000000	1416977999.000000	rsaEncryption	sha1WithRSAEncryption	rsa	1024	65537	-	-	-	-	-	-	-
1416004607.564990	FPrPNa4GAvxcTnZGH3	3	AE6D5DEB42AC6EB9	CN=www.cu2tbu7tiliifdfx6t7.net	CN=www.53pvlctmh22gdu.com	1411012800.000000	1416546000.000000	rsaEncryption	sha1WithRSAEncryption	rsa	1024	65537	-	-	-	-	-	-	-
1416004607.565328	FzT0hNlgNpdPo1Tka	3	2A3615B7B61DE985	CN=www.fgo3k5gxb2o5jc.net	CN=www.duzm7wjz6d.com	1416114000.000000	1432007999.000000	rsaEncryption	sha1WithRSAEncryption	rsa	1024	65537	-	-	-	-	-	-	-
1416004607.571817	FLHHar3o03plb7zLS3	3	76E7536E35B5FAA6	CN=www.ozr765ueeqxdjc.net	CN=www.gzfx2bdrfh7ap6dtxe3.com	1405656000.000000	1425445199.000000	rsaEncryption	sha1WithRSAEncryption	rsa	1024	65537	-	-	-	-	-	-	-
1416004607.571830	FvmRke230TIVHNFGul	3	D6DFD589A10D56E3	CN=www.kn4ndstcpsg.net	CN=www.wb64gncyfwwanu6xi.com	1399435200.000000	1423976399.000000	rsaEncryption	sha1WithRSAEncryption	rsa	1024	65537	-	-	-	-	-	-	-
1416004607.576667	FXkxpS1ONZ3frm8l4k	3	B3CC76BF12558ACA	CN=www.2pypqnyy.net	CN=www.uujogip3.com	1404705600.000000	1429502400.000000	rsaEncryption	sha1WithRSAEncryption	rsa	1024	65537	-	-	-	-	-	-	-
1416004607.581050	FJxOqx2Bu7FUbiY258	3	E66A7FC87A86C0EE	CN=www.4vtnzcwwcl.net	CN=www.2aeiae5etm2vn.com	1415250000.000000	1421038800.000000	rsaEncryption	sha1WithRSAEncryption	rsa	1024	65537	-	-	-	-	-	-	-
1416004607.587453	FfINxN3HZ6syuDerHh	3	01B309C712F1D0BC	CN=www.x2sjndmzthlxw.net	CN=www.6upcjtkysth4wix.com	1413691200.000000	1426478400.000000	rsaEncryption	sha1WithRSAEncryption	rsa	1024	65537	-	-	-	-	-	-	-
1416004607.587520	FBVU2Y2vd516O94vh8	3	AD745DE37D82CC93	CN=www.hq7hsouczkzu.net	CN=www.4fvql7aucfj3.com	1415250000.000000	1433390400.000000	rsaEncryption	sha1WithRSAEncryption	rsa	1024	65537	-	-	-	-	-	-	-
1416004607.593156	FfeF7V3EY4m0fGZTFb	3	C4D913768F8101D8	CN=www.dytneackllet2w32ih.net	CN=www.7rty62dqkbd5b.com	1413691200.000000	1419051600.000000	rsaEncryption	sha1WithRSAEncryption	rsa	1024	65537	-	-	-	-	-	-	-
1416004607.596411	FxHXLU187dktrTDOYk	3	542F031B3E185E24	CN=www.4ntbvgxauvqexarm3e.net	CN=www.hpic6cgmvc2z5u7wn.com	1410062400.000000	1416200400.000000	rsaEncryption	sha1WithRSAEncryption	rsa	1024	65537	-	-	-	-	-	-	-
1416004607.599453	FtZcq91LOxWyejxQKc	3	99BB8C1A08EAD816	CN=www.zhugollk.net	CN=www.pkd5r6my7f3os6s5qqc3.com	1411876800.000000	1417409999.000000	rsaEncryption	sha1WithRSAEncryption	rsa	1024	65537	-	-	-	-	-	-	-
1416004607.613374	FiDyur4njrE3MhDxHf	3	51DE42920A228E03	CN=www.ds6q6mtgbedq7bvlyhx.net	CN=www.gc6tjczpzzqjewdri267.com	1405656000.000000	1426219200.000000	rsaEncryption	sha1WithRSAEncryption	rsa	1024	65537	-	-	-	-	-	-	-
1416004607.642698	Fh2z4R2InPSzQxVlz7	3	D02CBAC897B4161F	CN=www.qcyjwwj7c2sto6.net	CN=www.i3nahwzvv4lisjo.com	1390453200.000000	1421298000.000000	rsaEncryption	sha1WithRSAEncryption	rsa	1024	65537	-	-	-	-	-	-	-
1416004607.663705	FurMOV1SvGZ5WyPgq7	3	567E7F83411713CC	CN=www.ecktcxzm35sqi6owx.net	CN=www.sxaec3g2xidsj2uwtdrl.com	1409025600.000000	1417323600.000000	rsaEncryption	sha1WithRSAEncryption	rsa	1024	65537	-	-	-	-	-	-	-
1416004609.522550	Fmw6bW34mcumSlyWa	3	0551995DD3EA30CE	CN=www.3m45yldxmxrx3554.net	CN=www.ogx5dk36oigl24.com	1415163600.000000	1422853200.000000	rsaEncryption	sha1WithRSAEncryption	rsa	1024	65537	-	-	-	-	-	-	-
1416004609.548038	FnROcU2C8cCrBE060j	3	A8848D44DAF54EBE	CN=www.sxqcocq2.net	CN=www.62nm4d54ug.com	1400817600.000000	1424149199.000000	rsaEncryption	sha1WithRSAEncryption	rsa	1024	65537	-	-	-	-	-	-	-
1416004609.647292	Fo7a4q3jQLx8EbMPa6	3	68A6F2D18F308D11	CN=www.uiyfhifum.net	CN=www.tkn5o7phse.com	1414728000.000000	1416632399.000000	rsaEncryption	sha1WithRSAEncryption	rsa	1024	65537	-	-	-	-	-	-	-
1416004609.647317	FgfXQd2uJaNXYhJun6	3	F78F0B7BD36DDBD2	CN=www.nr7uwc3iyzps4fl25zkm.net	CN=www.uuldvobwjqd67m227.com	1398139200.000000	1426478400.000000	rsaEncryption	sha1WithRSAEncryption	rsa	1024	65537	-	-	-	-	-	-	-
1416004609.647484	FMleno44xwY36Haj35	3	7748F02693F545FA	CN=www.cxtxjuab5slmmfd.net	CN=www.our44kobjtcjwi42y7p.com	1410926400.000000	1432008000.000000	rsaEncryption	sha1WithRSAEncryption	rsa	1024	65537	-	-	-	-	-	-	-
1416004609.654748	F0BwRl1s4zPfbM6sj8	3	A55D93EA73E3486B	CN=www.rd77gk257wex.net	CN=www.fns7jevb5o.com	1408248000.000000	1438488000.000000	rsaEncryption	sha1WithRSAEncryption	rsa	1024	65537	-	-	-	-	-	-	-
1416004609.656009	FFfljh1PVh1sOytqz3	3	FD2E7FF194F95676	CN=www.hyjfmjmpwdmnh.net	CN=www.lqw6u373j.com	1412827200.000000	1425358799.000000	rsaEncryption	sha1WithRSAEncryption	rsa	1024	65537	-	-	-	-	-	-	-
1416004609.674293	Fwt6k21tadhd4GmZhe	3	B5BEBE524E924F5A	CN=www.bdbuebz7gwxa.net	CN=www.ujbfqsai2.com	1408593600.000000	1420261200.000000	rsaEncryption	sha1WithRSAEncryption	rsa	1024	65537	-	-	-	-	-	-	-
1416004609.698808	FZPCDu4RVGEpHhivij	3	F689EFDE8CAA13E1	CN=www.nh7szzalzkvrhdlu2.net	CN=www.snhom723pekni.com	1407556800.000000	1426737599.000000	rsaEncryption	sha1WithRSAEncryption	rsa	1024	65537	-	-	-	-	-	-	-
1416004611.129372	FPIXOc2p57vIML2o23	3	39247E9BB15F273D	CN=www.azpmjklj.net	CN=www.iatgvtvbczpz6xukp3c7.com	1409112000.000000	1429243199.000000	rsaEncryption	sha1WithRSAEncryption	rsa	1024	65537	-	-	-	-	-	-	-
1416004611.988646	FrGYvz1TQqWACSL3mi	3	9F5330EA6FEA1938	CN=www.24oo2scvjtnxamvu.net	CN=www.us63av6mbltbg.com	1405396800.000000	1416718799.000000	rsaEncryption	sha1WithRSAEncryption	rsa	1024	65537	-	-	-	-	-	-	-
1416004613.150760	FyuARr3MpFCqqwFs8j	3	525345770433AFFE	CN=www.pigkdbxn2xh4kba5rh.net	CN=www.mm3vedq57nep72fje.com	1396756800.000000	1416632399.000000	rsaEncryption	sha1WithRSAEncryption	rsa	1024	65537	-	-	-	-	-	-	-
1416004613.973148	FPT6Pp3UBmG6jkirOl	3	8D880B0F58C63089	CN=www.6l7videtw7wzp.net	CN=www.k34hukbe.com	1414990800.000000	1421298000.000000	rsaEncryption	sha1WithRSAEncryption	rsa	1024	65537	-	-	-	-	-	-	-
1416004614.084165	FG9aoW1THYZnLbeba7	3	584C8889D0EE6827	CN=www.i7u5uhsem4syd6ds.net	CN=www.qqha3niqgwzyuitk3lkb.com	1413950400.000000	1420088399.000000	rsaEncryption	sha1WithRSAEncryption	rsa	1024	65537	-	-	-	-	-	-	-
1416004614.096016	FGX9oF3EDsdcTZBxhk	3	BC0D457180D93217	CN=www.giwjivjuy7roa.net	CN=www.w46rh3pbknyd7ttj.com	1406606400.000000	1417755599.000000	rsaEncryption	sha1WithRSAEncryption	rsa	1024	65537	-	-	-	-	-	-	-
1416004614.139424	FF3wh1APSwUtTj8ge	3	678CD7BB5292B180	CN=www.rjtv6jba.net	CN=www.cnlb3humedvs6c.com	1411876800.000000	1416459600.000000	rsaEncryption	sha1WithRSAEncryption	rsa	1024	65537	-	-	-	-	-	-	-
1416004615.145109	FK0yvp1blpAjJ1FA4	3	06B88930454FA18D	CN=www.6zcyf3m7za6vpea2fvd.net	CN=www.hehoedd5a7ozvpm.com	1403841600.000000	1417928399.000000	rsaEncryption	sha1WithRSAEncryption	rsa	1024	65537	-	-	-	-	-	-	-
1416004616.174513	FFMOSu1kZT3sgVz7Ng	3	F8B6E54BE4E03343	CN=www.43r67yxy.net	CN=www.44l4vrk5ee2iel2ex.com	1410840000.000000	1419051599.000000	rsaEncryption	sha1WithRSAEncryption	rsa	1024	65537	-	-	-	-	-	-	-
1416004617.148290	FWamAE2bfUNK4iYIc5	3	384F6F9A07B9A635	CN=www.s5aerlbg.net	CN=www.egkqqxsri.com	1411704000.000000	1421557200.000000	rsaEncryption	sha1WithRSAEncryption	rsa	1024	65537	-	-	-	-	-	-	-
1416004619.178450	Flk1p622Le15MYKjAj	3	A8ADA783AB6ECFA4	CN=www.abjampz2r.net	CN=www.qwudbg5o.com	1408680000.000000	1419829200.000000	rsaEncryption	sha1WithRSAEncryption	rsa	1024	65537	-	-	-	-	-	-	-
1416004620.143886	FMzsoj1HTgSAe9Ca	3	EA421BE45721AE52	CN=www.n2ahz5td77x2f.net	CN=www.duykamnv672k.com	1415854800.000000	1416459599.000000	rsaEncryption	sha1WithRSAEncryption	rsa	1024	65537	-	-	-	-	-	-	-
1416004621.125003	FNp4GhOGtRRxGCJml	3	2D003DCFA6CF53AA	CN=www.wknf4ynnjhvknyte.net	CN=www.f2hgr5ftmmtr.com	1408939200.000000	1422162000.000000	rsaEncryption	sha1WithRSAEncryption	rsa	1024	65537	-	-	-	-	-	-	-
1416004622.079872	Fdq14g2zJteX6hZ314	3	E1EE2DDB15EAF0DA	CN=www.rnslx5rvxqwu.net	CN=www.a5fs33l74.com	1401595200.000000	1422075599.000000	rsaEncryption	sha1WithRSAEncryption	rsa	1024	65537	-	-	-	-	-	-	-
1416004623.378848	F5SCu211lHNKMywYn8	3	CECB9C77A205BE2B	CN=www.5bosqsrllb7rsphfr3nk.net	CN=www.wx232ql6zd3.com	1401076800.000000	1424062799.000000	rsaEncryption	sha1WithRSAEncryption	rsa	1024	65537	-	-	-	-	-	-	-
1416004624.202958	Fo5gJA1584fceYBn4	3	66AC37BACC14111C	CN=www.hwoseuipzsksncl.net	CN=www.v357h32ziafwf4g.com	1408420800.000000	1416373200.000000	rsaEncryption	sha1WithRSAEncryption	rsa	1024	65537	-	-	-	-	-	-	-
1416004625.131816	F0hLsx4iPYuliLfxpi	3	2B886E226B32E066	CN=www.cvu2nt3wtcz.net	CN=www.whmvzsnfuxaqgjya.com	1404360000.000000	1417582799.000000	rsaEncryption	sha1WithRSAEncryption	rsa	1024	65537	-	-	-	-	-	-	-
1416004625.175038	FYSNEq1yPvVf1L13u	3	9D5989204FAD6CDA	CN=www.ir7u7e4nf.net	CN=www.bqoaxcikyhf.com	1403928000.000000	1423112400.000000	rsaEncryption	sha1WithRSAEncryption	rsa	1024	65537	-	-	-	-	-	-	-
1416004625.220425	FRY6uM3SwJU7MQzyTk	3	E6405871831AD641	CN=www.qem4zyafnqmh22rnf3q.net	CN=www.rgldtdlmt.com	1398916800.000000	1418187600.000000	rsaEncryption	sha1WithRSAEncryption	rsa	1024	65537	-	-	-	-	-	-	-
1416004626.113382	F2NbrF4EB4KmZ6Tfaf	3	A85E73DA9804DD00	CN=www.pdb35xt6rju3v46.net	CN=www.3z2bnrzpi6y.com	1409284800.000000	1427687999.000000	rsaEncryption	sha1WithRSAEncryption	rsa	1024	65537	-	-	-	-	-	-	-
1416004626.156235	FKYCJwu5lSokHjfCl	3	8CEBF1DEDAF12F4E	CN=www.jmobsasoxwpp.net	CN=www.q4oqwm5ihernehsk.com	1404273600.000000	1426046400.000000	rsaEncryption	sha1WithRSAEncryption	rsa	1024	65537	-	-	-	-	-	-	-
1416004627.129125	FD0U5w3RJAwggP2yB6	3	59B3444530B24A91	CN=www.tqq6on7djau475ms.net	CN=www.kh6vk5csmg73ci62f.com	1403668800.000000	1427515199.000000	rsaEncryption	sha1WithRSAEncryption	rsa	1024	65537	-	-	-	-	-	-	-
1416004628.381534	F93LZ025iIeVlTgKue	3	B11CB1694A5FFB35	CN=www.z2ixntwklimbs5ouuxuj.net	CN=www.hzfygtjvr.com	1415250000.000000	1418792399.000000	rsaEncryption	sha1WithRSAEncryption	rsa	1024	65537	-	-	-	-	-	-	-
1416004630.217118	F5YCYc4UAmkrqdP4n6	3	0D6A16CD21D68CFE	CN=www.logkq5j2g66gdl.net	CN=www.i2q6f4r3mn4kbq.com	1410062400.000000	1416286800.000000	rsaEncryption	sha1WithRSAEncryption	rsa	1024	65537	-	-	-	-	-	-	-
#close	2016-04-05-20-07-59
