#separator \x09
#set_separator	,
#empty_field	(empty)
#unset_field	-
#path	conn
#open	2017-07-25-19-16-18
#fields	ts	uid	id.orig_h	id.orig_p	id.resp_h	id.resp_p	proto	service	duration	orig_bytes	resp_bytes	conn_state	local_orig	local_resp	missed_bytes	history	orig_pkts	orig_ip_bytes	resp_pkts	resp_ip_bytes	tunnel_parents
#types	time	string	addr	port	addr	port	enum	string	interval	count	count	string	bool	bool	count	string	count	count	count	count	set[string]
12.528268	CmmjB41Nb3xT5FBB95	10.0.2.103	63320	8.8.8.8	53	udp	dns	0.001102	34	62	SF	-	-	0	Dd	1	62	1	90	(empty)
9.522350	CaOCk540DHon7LMI9a	10.0.2.103	61726	4.4.4.4	53	udp	dns	3.004504	102	0	S0	-	-	0	D	3	186	0	0	(empty)
8.522360	CIcc2Q3qzjrV3G3dD2	10.0.2.103	61726	8.8.8.8	53	udp	dns	4.005232	68	50	SF	-	-	0	Dd	2	124	1	78	(empty)
6.377432	CwJ4WW1WIBVvGVRpLk	::	135	ff02::1:ff49:8c14	136	icmp	-	-	-	-	OTH	-	-	0	-	1	64	0	0	(empty)
6.377556	Cby7rS1FXh5v5dMxAd	fe80::50be:8acf:be49:8c14	143	ff02::16	0	icmp	-	0.500653	40	0	OTH	-	-	0	-	2	152	0	0	(empty)
6.377486	CETOci320SzusSXPD1	fe80::50be:8acf:be49:8c14	133	ff02::2	134	icmp	-	8.001494	24	0	OTH	-	-	0	-	3	168	0	0	(empty)
6.297009	CSferO1J35Y8VBwo9h	fe80::50be:8acf:be49:8c14	546	ff02::1:2	547	udp	-	63.020875	588	0	S0	-	-	0	D	7	924	0	0	(empty)
479.367699	CFayKB3PiIJrn9AW86	10.0.2.103	49159	182.50.134.1	80	tcp	http	3.210590	507	191	SF	-	-	0	ShADadfF	7	799	7	475	(empty)
479.116407	CnzLnvKzWa5oLujJ7	10.0.2.103	50366	8.8.8.8	53	udp	dns	0.017292	28	44	SF	-	-	0	Dd	1	56	1	72	(empty)
479.347799	Cz9vWh2bRrvZ6paU2	10.0.2.103	50198	8.8.8.8	53	udp	dns	0.019324	35	51	SF	-	-	0	Dd	1	63	1	79	(empty)
479.500639	CoZlZs2TjIAAob36Jg	fe80::50be:8acf:be49:8c14	53685	ff02::1:3	5355	udp	dns	0.097119	44	0	S0	-	-	0	D	2	140	0	0	(empty)
479.500920	CCnDKh19oxdZ9zmMt9	10.0.2.103	58547	224.0.0.252	5355	udp	dns	0.096951	44	0	S0	-	-	0	D	2	100	0	0	(empty)
479.798923	CGzwRpuaXwBJN7HSg	10.0.2.103	137	10.0.2.255	137	udp	dns	1.501221	150	0	S0	-	-	0	D	3	234	0	0	(empty)
482.653681	CPxwgI1MDA5tmyYzl9	10.0.2.103	49160	182.50.134.1	80	tcp	http	5.934555	468	1175	SF	-	-	0	ShADadfF	6	720	6	1419	(empty)
488.625301	CdTkVAGxyKj0bxBI9	10.0.2.103	49161	182.50.134.1	80	tcp	http	10.176751	536	46343	SF	-	-	0	ShADadfF	20	1348	39	49327	(empty)
479.501105	CaXJavMhvTJocPSK5	10.0.2.2	11	10.0.2.103	0	icmp	-	-	-	-	OTH	-	-	0	-	0	0	0	0	(empty)
479.799142	Cv994l2ONGhRoM2wPb	10.0.2.2	3	10.0.2.103	0	icmp	-	-	-	-	OTH	-	-	0	-	0	0	0	0	(empty)
433.826174	CaGEO14UHNdwvWFNV2	fe80::50be:8acf:be49:8c14	546	ff02::1:2	547	udp	-	63.017207	588	0	S0	-	-	0	D	7	924	0	0	(empty)
670.587247	C2npEi3wpYbD8frH88	10.0.2.103	49162	182.50.134.1	80	tcp	http	3.963949	471	187	SF	-	-	0	ShADadfF	6	723	6	431	(empty)
479.189448	CLH1J84KEKMObG67Ze	10.0.2.103	49158	188.165.164.184	80	tcp	http	195.361885	226	427	RSTO	-	-	0	ShADadfR	6	478	5	1058	(empty)
866.587600	CRMeNY3tmAFkuKdPi9	10.0.2.103	49163	182.50.134.1	80	tcp	http	2.753632	467	187	SF	-	-	0	ShADadfF	6	719	6	431	(empty)
860.848395	C8l0MCUktnoJt2szg	fe80::50be:8acf:be49:8c14	546	ff02::1:2	547	udp	-	63.037987	588	0	S0	-	-	0	D	7	924	0	0	(empty)
1049.350155	Cn1l4h38vdSzn638w9	10.0.2.103	49164	182.50.134.1	80	tcp	http	3.014307	467	187	SF	-	-	0	ShADadfF	6	719	6	431	(empty)
1312.368796	CLghji2dnSFvOde6Uj	10.0.2.103	49165	182.50.134.1	80	tcp	http	2.998890	468	187	SF	-	-	0	ShADadfF	6	720	6	431	(empty)
1291.897692	Cla9M52X35NGCqsTU2	fe80::50be:8acf:be49:8c14	546	ff02::1:2	547	udp	-	63.018413	588	0	S0	-	-	0	D	7	924	0	0	(empty)
1471.366057	Cebnps2bWR9sk6f3o5	10.0.2.103	49166	182.50.134.1	80	tcp	http	3.145875	465	187	SF	-	-	0	ShADadfF	6	717	6	431	(empty)
1706.515505	Cn4P9B1ApuREpgoCoj	10.0.2.103	49167	182.50.134.1	80	tcp	http	2.832351	467	187	SF	-	-	0	ShADadfF	6	719	6	431	(empty)
1718.922581	CgFG1A4rwNhimY0RO9	fe80::50be:8acf:be49:8c14	546	ff02::1:2	547	udp	-	63.017550	588	0	S0	-	-	0	D	7	924	0	0	(empty)
2021.734323	CyCmc40IYnvab6Bf2	10.0.2.103	49168	182.50.134.1	80	tcp	http	2.787123	466	187	SF	-	-	0	ShADadfF	6	718	6	431	(empty)
2244.659954	Csc3T3KR1BLYplrW5	10.0.2.103	49169	182.50.134.1	80	tcp	http	2.897804	464	187	SF	-	-	0	ShADadfF	6	716	6	431	(empty)
2146.244646	CXYJzL1aer2e17brk3	fe80::50be:8acf:be49:8c14	546	ff02::1:2	547	udp	-	63.040113	588	0	S0	-	-	0	D	7	924	0	0	(empty)
2562.577092	Ce9oak1xRm3dRNTLDl	10.0.2.103	49170	182.50.134.1	80	tcp	http	3.765894	466	187	SF	-	-	0	ShADadfF	6	718	6	431	(empty)
2626.767951	CfDDVv34HE6LbYONC	10.0.2.103	49171	182.50.134.1	80	tcp	http	5.513383	490	191	SF	-	-	0	ShADadfF	6	742	6	435	(empty)
2573.303367	CgGBGPp7RJDhS52U9	fe80::50be:8acf:be49:8c14	546	ff02::1:2	547	udp	-	63.025326	588	0	S0	-	-	0	D	7	924	0	0	(empty)
3000.336569	C9Cfj7jBiC2GZnA3f	fe80::50be:8acf:be49:8c14	546	ff02::1:2	547	udp	-	63.016560	588	0	S0	-	-	0	D	7	924	0	0	(empty)
3427.358589	C9AOY32q4NbtO8c5M2	fe80::50be:8acf:be49:8c14	546	ff02::1:2	547	udp	-	63.018173	588	0	S0	-	-	0	D	7	924	0	0	(empty)
3854.384166	C7hRHo1k1VqPAlS2nc	fe80::50be:8acf:be49:8c14	546	ff02::1:2	547	udp	-	63.016719	588	0	S0	-	-	0	D	7	924	0	0	(empty)
4281.408148	C6gpAE4sFRd61A0uh	fe80::50be:8acf:be49:8c14	546	ff02::1:2	547	udp	-	63.016599	588	0	S0	-	-	0	D	7	924	0	0	(empty)
4708.432812	C18VcV16eJ13FoeMo	fe80::50be:8acf:be49:8c14	546	ff02::1:2	547	udp	-	63.015571	588	0	S0	-	-	0	D	7	924	0	0	(empty)
5135.454869	CfBkT72mlxtLoaWHSl	fe80::50be:8acf:be49:8c14	546	ff02::1:2	547	udp	-	63.017473	588	0	S0	-	-	0	D	7	924	0	0	(empty)
5562.480233	Cdz2Xm2rv2JLVenpEk	fe80::50be:8acf:be49:8c14	546	ff02::1:2	547	udp	-	63.016368	588	0	S0	-	-	0	D	7	924	0	0	(empty)
5989.504325	CKclHI3GZMkoj0vMF4	fe80::50be:8acf:be49:8c14	546	ff02::1:2	547	udp	-	63.016096	588	0	S0	-	-	0	D	7	924	0	0	(empty)
6416.528413	C7PMwWAiNTqmznpGd	fe80::50be:8acf:be49:8c14	546	ff02::1:2	547	udp	-	63.015913	588	0	S0	-	-	0	D	7	924	0	0	(empty)
6843.550390	Ck681J2gbw42FHznY1	fe80::50be:8acf:be49:8c14	546	ff02::1:2	547	udp	-	63.017722	588	0	S0	-	-	0	D	7	924	0	0	(empty)
7270.574279	CudswLEEholkoVlIg	fe80::50be:8acf:be49:8c14	546	ff02::1:2	547	udp	-	63.018427	588	0	S0	-	-	0	D	7	924	0	0	(empty)
7700.203821	CkzbQM2UjZWvQWgYc3	fe80::50be:8acf:be49:8c14	546	ff02::1:2	547	udp	-	63.026254	588	0	S0	-	-	0	D	7	924	0	0	(empty)
8127.237459	CJ8YGK2vDP21ilD9p5	fe80::50be:8acf:be49:8c14	546	ff02::1:2	547	udp	-	63.016747	588	0	S0	-	-	0	D	7	924	0	0	(empty)
8554.261479	CnRnxP1iGzBWsLiA4d	fe80::50be:8acf:be49:8c14	546	ff02::1:2	547	udp	-	63.016618	588	0	S0	-	-	0	D	7	924	0	0	(empty)
8981.285433	CjKLoM2RGNQwhULdMk	fe80::50be:8acf:be49:8c14	546	ff02::1:2	547	udp	-	63.016278	588	0	S0	-	-	0	D	7	924	0	0	(empty)
9408.307523	CSGyGMyt45UeL6a4g	fe80::50be:8acf:be49:8c14	546	ff02::1:2	547	udp	-	63.018352	588	0	S0	-	-	0	D	7	924	0	0	(empty)
9835.333506	CcPFvz40RNGU9LYE0l	fe80::50be:8acf:be49:8c14	546	ff02::1:2	547	udp	-	63.016392	588	0	S0	-	-	0	D	7	924	0	0	(empty)
10262.357611	CjO0X74ypXetDFliY6	fe80::50be:8acf:be49:8c14	546	ff02::1:2	547	udp	-	63.016134	588	0	S0	-	-	0	D	7	924	0	0	(empty)
10689.381705	CnV9cZ3xJXu9QWVQl1	fe80::50be:8acf:be49:8c14	546	ff02::1:2	547	udp	-	63.016028	588	0	S0	-	-	0	D	7	924	0	0	(empty)
11116.403801	CO20fC3iy3PKOcW6R3	fe80::50be:8acf:be49:8c14	546	ff02::1:2	547	udp	-	63.018399	588	0	S0	-	-	0	D	7	924	0	0	(empty)
11543.429129	ClRBtwXX6wcDeYJL7	fe80::50be:8acf:be49:8c14	546	ff02::1:2	547	udp	-	63.016918	588	0	S0	-	-	0	D	7	924	0	0	(empty)
11970.453583	C5Kr8B0DdRayI4Mb3	fe80::50be:8acf:be49:8c14	546	ff02::1:2	547	udp	-	63.015801	588	0	S0	-	-	0	D	7	924	0	0	(empty)
12397.497857	CLKNjo3ynoNzWY73jg	fe80::50be:8acf:be49:8c14	546	ff02::1:2	547	udp	-	63.015893	588	0	S0	-	-	0	D	7	924	0	0	(empty)
12824.520960	C39ls93uUQQZvrDPB1	fe80::50be:8acf:be49:8c14	546	ff02::1:2	547	udp	-	63.017310	588	0	S0	-	-	0	D	7	924	0	0	(empty)
13251.545672	Clla8r3AA0gwKnjO23	fe80::50be:8acf:be49:8c14	546	ff02::1:2	547	udp	-	63.015821	588	0	S0	-	-	0	D	7	924	0	0	(empty)
13678.569230	CmANdO3IxC1GVbi1p9	fe80::50be:8acf:be49:8c14	546	ff02::1:2	547	udp	-	63.016780	588	0	S0	-	-	0	D	7	924	0	0	(empty)
14105.593098	CJGxo12krP4GqK7Ly2	fe80::50be:8acf:be49:8c14	546	ff02::1:2	547	udp	-	63.016354	588	0	S0	-	-	0	D	7	924	0	0	(empty)
14532.617246	CtFEAJAYDddddHV0a	fe80::50be:8acf:be49:8c14	546	ff02::1:2	547	udp	-	63.015910	588	0	S0	-	-	0	D	7	924	0	0	(empty)
14959.638982	CIZXOf4w1csvAmIiq6	fe80::50be:8acf:be49:8c14	546	ff02::1:2	547	udp	-	63.019227	588	0	S0	-	-	0	D	7	924	0	0	(empty)
15386.662907	CDST8TOwYv2tBXEKh	fe80::50be:8acf:be49:8c14	546	ff02::1:2	547	udp	-	63.019115	588	0	S0	-	-	0	D	7	924	0	0	(empty)
15813.689450	CNTmID2QRPQPugeDTf	fe80::50be:8acf:be49:8c14	546	ff02::1:2	547	udp	-	63.016180	588	0	S0	-	-	0	D	7	924	0	0	(empty)
16240.711111	CgWIuOKFI0QFOUOd3	fe80::50be:8acf:be49:8c14	546	ff02::1:2	547	udp	-	63.018333	588	0	S0	-	-	0	D	7	924	0	0	(empty)
16667.735061	CGZ5Tj43qcrgNeIkf3	fe80::50be:8acf:be49:8c14	546	ff02::1:2	547	udp	-	63.018584	588	0	S0	-	-	0	D	7	924	0	0	(empty)
17094.760922	CHDATkhYBOypoIXRc	fe80::50be:8acf:be49:8c14	546	ff02::1:2	547	udp	-	63.016614	588	0	S0	-	-	0	D	7	924	0	0	(empty)
17521.785141	CeKlJx3WlYCq76cow3	fe80::50be:8acf:be49:8c14	546	ff02::1:2	547	udp	-	63.015839	588	0	S0	-	-	0	D	7	924	0	0	(empty)
17948.808979	CH5hCE2I017TwSb4n9	fe80::50be:8acf:be49:8c14	546	ff02::1:2	547	udp	-	63.016116	588	0	S0	-	-	0	D	7	924	0	0	(empty)
18375.833360	CK6vXU3NOyyYhWbkJb	fe80::50be:8acf:be49:8c14	546	ff02::1:2	547	udp	-	63.016284	588	0	S0	-	-	0	D	7	924	0	0	(empty)
18802.857437	CKuyVR1BXeVSHDZp6b	fe80::50be:8acf:be49:8c14	546	ff02::1:2	547	udp	-	63.015702	588	0	S0	-	-	0	D	7	924	0	0	(empty)
19229.880623	CZwRft478n7xcaAtXf	fe80::50be:8acf:be49:8c14	546	ff02::1:2	547	udp	-	63.017035	588	0	S0	-	-	0	D	7	924	0	0	(empty)
19656.905153	CObY3e1JOm0LPYvX42	fe80::50be:8acf:be49:8c14	546	ff02::1:2	547	udp	-	63.016171	588	0	S0	-	-	0	D	7	924	0	0	(empty)
20083.928784	CjP36N6STcl0BtvPh	fe80::50be:8acf:be49:8c14	546	ff02::1:2	547	udp	-	63.016024	588	0	S0	-	-	0	D	7	924	0	0	(empty)
20510.952708	Claues11zNnXlM2eMh	fe80::50be:8acf:be49:8c14	546	ff02::1:2	547	udp	-	63.016178	588	0	S0	-	-	0	D	7	924	0	0	(empty)
20937.976631	CoVUYf38ygoYehKzDc	fe80::50be:8acf:be49:8c14	546	ff02::1:2	547	udp	-	63.016369	588	0	S0	-	-	0	D	7	924	0	0	(empty)
21365.000975	Crnb0A4nvd3DiEsnda	fe80::50be:8acf:be49:8c14	546	ff02::1:2	547	udp	-	63.016563	588	0	S0	-	-	0	D	7	924	0	0	(empty)
21792.024315	CR2qx53HVLFCHLicPh	fe80::50be:8acf:be49:8c14	546	ff02::1:2	547	udp	-	63.016582	588	0	S0	-	-	0	D	7	924	0	0	(empty)
22219.048928	COGQLz4X21thjCRHY8	fe80::50be:8acf:be49:8c14	546	ff02::1:2	547	udp	-	63.016262	588	0	S0	-	-	0	D	7	924	0	0	(empty)
22646.072474	Ca1KHi4v7MJlkATnK6	fe80::50be:8acf:be49:8c14	546	ff02::1:2	547	udp	-	63.016065	588	0	S0	-	-	0	D	7	924	0	0	(empty)
23073.096460	C8IS0P1fN9kQvROm8e	fe80::50be:8acf:be49:8c14	546	ff02::1:2	547	udp	-	63.016447	588	0	S0	-	-	0	D	7	924	0	0	(empty)
23500.120747	CRfULB7WllpsQ3xO2	fe80::50be:8acf:be49:8c14	546	ff02::1:2	547	udp	-	63.016471	588	0	S0	-	-	0	D	7	924	0	0	(empty)
23927.144719	CsJuQZ8qpMQ1Gixta	fe80::50be:8acf:be49:8c14	546	ff02::1:2	547	udp	-	63.016112	588	0	S0	-	-	0	D	7	924	0	0	(empty)
24354.168181	Ci7u7R2Hivpqn7tdsj	fe80::50be:8acf:be49:8c14	546	ff02::1:2	547	udp	-	63.016467	588	0	S0	-	-	0	D	7	924	0	0	(empty)
24781.192563	CAz2Ho2Hplm9YxHlPj	fe80::50be:8acf:be49:8c14	546	ff02::1:2	547	udp	-	63.016384	588	0	S0	-	-	0	D	7	924	0	0	(empty)
25208.216145	CbGcZi3A5a5AYYM4U8	fe80::50be:8acf:be49:8c14	546	ff02::1:2	547	udp	-	63.016475	588	0	S0	-	-	0	D	7	924	0	0	(empty)
25635.240452	CpFB4J3iSeNFiXfiq7	fe80::50be:8acf:be49:8c14	546	ff02::1:2	547	udp	-	63.016884	588	0	S0	-	-	0	D	7	924	0	0	(empty)
26062.264167	CtizVci4OeLuI9uh	fe80::50be:8acf:be49:8c14	546	ff02::1:2	547	udp	-	63.016790	588	0	S0	-	-	0	D	7	924	0	0	(empty)
26489.288455	ClmuxO1YrJCo3Bp3j6	fe80::50be:8acf:be49:8c14	546	ff02::1:2	547	udp	-	63.015810	588	0	S0	-	-	0	D	7	924	0	0	(empty)
26916.312242	CHt5V534JDvndNGvl9	fe80::50be:8acf:be49:8c14	546	ff02::1:2	547	udp	-	63.016773	588	0	S0	-	-	0	D	7	924	0	0	(empty)
27343.336468	CJmoZP3qu31R1EYF3l	fe80::50be:8acf:be49:8c14	546	ff02::1:2	547	udp	-	63.016076	588	0	S0	-	-	0	D	7	924	0	0	(empty)
27770.360445	CDAvwy4YCCeKhGjb55	fe80::50be:8acf:be49:8c14	546	ff02::1:2	547	udp	-	63.016512	588	0	S0	-	-	0	D	7	924	0	0	(empty)
28197.384408	CuETVp2GPjpsoKfXge	fe80::50be:8acf:be49:8c14	546	ff02::1:2	547	udp	-	63.015957	588	0	S0	-	-	0	D	7	924	0	0	(empty)
28624.408365	CkPkuS3JaNKGQlJDv2	fe80::50be:8acf:be49:8c14	546	ff02::1:2	547	udp	-	63.016185	588	0	S0	-	-	0	D	7	924	0	0	(empty)
29051.432652	CqBMsJ39iE8QQwW0ka	fe80::50be:8acf:be49:8c14	546	ff02::1:2	547	udp	-	63.015388	588	0	S0	-	-	0	D	7	924	0	0	(empty)
29478.456140	C1b1xY1HN4TemTKch8	fe80::50be:8acf:be49:8c14	546	ff02::1:2	547	udp	-	63.016653	588	0	S0	-	-	0	D	7	924	0	0	(empty)
29905.480323	CR4dmV18VG1E3AawXa	fe80::50be:8acf:be49:8c14	546	ff02::1:2	547	udp	-	63.016439	588	0	S0	-	-	0	D	7	924	0	0	(empty)
30332.503115	CWjIl22tN8Me1EbJDc	fe80::50be:8acf:be49:8c14	546	ff02::1:2	547	udp	-	63.017126	588	0	S0	-	-	0	D	7	924	0	0	(empty)
30759.528182	CZssRu2Uhx1I5juoq2	fe80::50be:8acf:be49:8c14	546	ff02::1:2	547	udp	-	63.016259	588	0	S0	-	-	0	D	7	924	0	0	(empty)
31186.551905	CrxNy93BqUW9pmqLHh	fe80::50be:8acf:be49:8c14	546	ff02::1:2	547	udp	-	63.016692	588	0	S0	-	-	0	D	7	924	0	0	(empty)
31613.575814	CxyJST25VGeb67IxL3	fe80::50be:8acf:be49:8c14	546	ff02::1:2	547	udp	-	63.016428	588	0	S0	-	-	0	D	7	924	0	0	(empty)
32040.599773	C5HNl53FHJJarZw5r3	fe80::50be:8acf:be49:8c14	546	ff02::1:2	547	udp	-	63.016353	588	0	S0	-	-	0	D	7	924	0	0	(empty)
32467.624039	C17uzoe4w8vlFTKzl	fe80::50be:8acf:be49:8c14	546	ff02::1:2	547	udp	-	63.015815	588	0	S0	-	-	0	D	7	924	0	0	(empty)
32894.647820	CrIoI72Ff9PWrfrmT2	fe80::50be:8acf:be49:8c14	546	ff02::1:2	547	udp	-	63.016189	588	0	S0	-	-	0	D	7	924	0	0	(empty)
33321.671539	CyAd3r2H0SfTbDjTr3	fe80::50be:8acf:be49:8c14	546	ff02::1:2	547	udp	-	63.016638	588	0	S0	-	-	0	D	7	924	0	0	(empty)
33748.696065	CZd6gh1RhUDjTnEF4k	fe80::50be:8acf:be49:8c14	546	ff02::1:2	547	udp	-	63.016034	588	0	S0	-	-	0	D	7	924	0	0	(empty)
34175.719673	CvfC5q4aLSXhfhE28h	fe80::50be:8acf:be49:8c14	546	ff02::1:2	547	udp	-	63.016423	588	0	S0	-	-	0	D	7	924	0	0	(empty)
34602.743639	COzvkA3W8xM44XpH5g	fe80::50be:8acf:be49:8c14	546	ff02::1:2	547	udp	-	63.016562	588	0	S0	-	-	0	D	7	924	0	0	(empty)
35029.767550	CmpnT6p7x3hyYUG0b	fe80::50be:8acf:be49:8c14	546	ff02::1:2	547	udp	-	63.016694	588	0	S0	-	-	0	D	7	924	0	0	(empty)
35456.791639	CadraU33qndwZBavyc	fe80::50be:8acf:be49:8c14	546	ff02::1:2	547	udp	-	63.015930	588	0	S0	-	-	0	D	7	924	0	0	(empty)
35883.815816	CHEkMA1EtPTPPp7Xed	fe80::50be:8acf:be49:8c14	546	ff02::1:2	547	udp	-	63.016331	588	0	S0	-	-	0	D	7	924	0	0	(empty)
36310.840067	Cu4XejMJHxlh2ULM1	fe80::50be:8acf:be49:8c14	546	ff02::1:2	547	udp	-	63.016164	588	0	S0	-	-	0	D	7	924	0	0	(empty)
36737.863945	CBHjpN22GZONbxzGJ2	fe80::50be:8acf:be49:8c14	546	ff02::1:2	547	udp	-	63.015502	588	0	S0	-	-	0	D	7	924	0	0	(empty)
37164.887486	CZcaQd3gLeWia6bi57	fe80::50be:8acf:be49:8c14	546	ff02::1:2	547	udp	-	63.016585	588	0	S0	-	-	0	D	7	924	0	0	(empty)
37591.911836	Ckjxry1m2adgs83ul5	fe80::50be:8acf:be49:8c14	546	ff02::1:2	547	udp	-	63.015958	588	0	S0	-	-	0	D	7	924	0	0	(empty)
38018.935473	CzcbEg2WOBWQLgkcD5	fe80::50be:8acf:be49:8c14	546	ff02::1:2	547	udp	-	63.015857	588	0	S0	-	-	0	D	7	924	0	0	(empty)
38445.959450	Cq4k1l10i0vTVMtwgc	fe80::50be:8acf:be49:8c14	546	ff02::1:2	547	udp	-	63.016317	588	0	S0	-	-	0	D	7	924	0	0	(empty)
38872.983643	CQezqUVPq9ImcgZc9	fe80::50be:8acf:be49:8c14	546	ff02::1:2	547	udp	-	63.016304	588	0	S0	-	-	0	D	7	924	0	0	(empty)
39300.007473	CpoZLo2TnD9XZM0J52	fe80::50be:8acf:be49:8c14	546	ff02::1:2	547	udp	-	63.016264	588	0	S0	-	-	0	D	7	924	0	0	(empty)
39727.031459	CI0iWNaNwEFqsd85g	fe80::50be:8acf:be49:8c14	546	ff02::1:2	547	udp	-	63.015877	588	0	S0	-	-	0	D	7	924	0	0	(empty)
40154.053448	CPCWlU2LPTxYxN7sX1	fe80::50be:8acf:be49:8c14	546	ff02::1:2	547	udp	-	63.017859	588	0	S0	-	-	0	D	7	924	0	0	(empty)
40581.079284	Cx1CE8ZhPOJnAoxE8	fe80::50be:8acf:be49:8c14	546	ff02::1:2	547	udp	-	63.016012	588	0	S0	-	-	0	D	7	924	0	0	(empty)
41008.102896	Cn9Vxw16XZUZmS1aMd	fe80::50be:8acf:be49:8c14	546	ff02::1:2	547	udp	-	63.016984	588	0	S0	-	-	0	D	7	924	0	0	(empty)
41435.127079	CA2cg74okBiZ6HHwW1	fe80::50be:8acf:be49:8c14	546	ff02::1:2	547	udp	-	63.016326	588	0	S0	-	-	0	D	7	924	0	0	(empty)
41862.151421	CcGLsH3quNSJ1VDyh	fe80::50be:8acf:be49:8c14	546	ff02::1:2	547	udp	-	63.015744	588	0	S0	-	-	0	D	7	924	0	0	(empty)
42289.175016	ClKXAE42AqjyQdxu26	fe80::50be:8acf:be49:8c14	546	ff02::1:2	547	udp	-	63.016367	588	0	S0	-	-	0	D	7	924	0	0	(empty)
42716.198641	CULngA1G1IZ5WmMspe	fe80::50be:8acf:be49:8c14	546	ff02::1:2	547	udp	-	63.016690	588	0	S0	-	-	0	D	7	924	0	0	(empty)
43143.223081	CsjzA23avjwtOkrp5e	fe80::50be:8acf:be49:8c14	546	ff02::1:2	547	udp	-	63.016510	588	0	S0	-	-	0	D	7	924	0	0	(empty)
43570.247235	CdtLRj4V0rLLah2WWe	fe80::50be:8acf:be49:8c14	546	ff02::1:2	547	udp	-	63.016069	588	0	S0	-	-	0	D	7	924	0	0	(empty)
43997.271178	C02mQI5X4QUFK7BZ2	fe80::50be:8acf:be49:8c14	546	ff02::1:2	547	udp	-	63.016190	588	0	S0	-	-	0	D	7	924	0	0	(empty)
44424.294889	COwB7n4f4drOZb3y39	fe80::50be:8acf:be49:8c14	546	ff02::1:2	547	udp	-	63.016308	588	0	S0	-	-	0	D	7	924	0	0	(empty)
44851.318712	CSSZrg3bL2JmiVzIZj	fe80::50be:8acf:be49:8c14	546	ff02::1:2	547	udp	-	63.017029	588	0	S0	-	-	0	D	7	924	0	0	(empty)
45278.342246	Ci85gk2zuDElfpcRHg	fe80::50be:8acf:be49:8c14	546	ff02::1:2	547	udp	-	63.016983	588	0	S0	-	-	0	D	7	924	0	0	(empty)
45705.367303	CP23Gv4VzRLXd9sSU8	fe80::50be:8acf:be49:8c14	546	ff02::1:2	547	udp	-	63.015467	588	0	S0	-	-	0	D	7	924	0	0	(empty)
46132.391570	CJ5NLv2Zn3TCznCM86	fe80::50be:8acf:be49:8c14	546	ff02::1:2	547	udp	-	63.015650	588	0	S0	-	-	0	D	7	924	0	0	(empty)
46559.414399	C37Djw3AqvtLdFChNd	fe80::50be:8acf:be49:8c14	546	ff02::1:2	547	udp	-	63.016674	588	0	S0	-	-	0	D	7	924	0	0	(empty)
46986.438574	Cg3Ak74dHSVZSaT6t1	fe80::50be:8acf:be49:8c14	546	ff02::1:2	547	udp	-	63.016594	588	0	S0	-	-	0	D	7	924	0	0	(empty)
47413.462431	CLZR241f9dgzbGU44l	fe80::50be:8acf:be49:8c14	546	ff02::1:2	547	udp	-	63.016769	588	0	S0	-	-	0	D	7	924	0	0	(empty)
47840.486277	CtLUZDY4Sk1flyral	fe80::50be:8acf:be49:8c14	546	ff02::1:2	547	udp	-	63.016373	588	0	S0	-	-	0	D	7	924	0	0	(empty)
48267.510657	Cgbt071bHzQ7E4Imvh	fe80::50be:8acf:be49:8c14	546	ff02::1:2	547	udp	-	63.016255	588	0	S0	-	-	0	D	7	924	0	0	(empty)
48694.534499	C48HCtEUNFuLRSkt3	fe80::50be:8acf:be49:8c14	546	ff02::1:2	547	udp	-	63.016175	588	0	S0	-	-	0	D	7	924	0	0	(empty)
49121.558947	Czi0oMh9zVys4Aui5	fe80::50be:8acf:be49:8c14	546	ff02::1:2	547	udp	-	63.016255	588	0	S0	-	-	0	D	7	924	0	0	(empty)
49548.582568	CGnZLM365FyC5Wsv8	fe80::50be:8acf:be49:8c14	546	ff02::1:2	547	udp	-	63.016351	588	0	S0	-	-	0	D	7	924	0	0	(empty)
49975.606618	Cq3Mu62698Lz1kQoQg	fe80::50be:8acf:be49:8c14	546	ff02::1:2	547	udp	-	63.016541	588	0	S0	-	-	0	D	7	924	0	0	(empty)
50402.630982	CBnX5z1s8oSCRn9hRb	fe80::50be:8acf:be49:8c14	546	ff02::1:2	547	udp	-	63.015953	588	0	S0	-	-	0	D	7	924	0	0	(empty)
50829.654863	CnfYKo4laxZo6WmZwj	fe80::50be:8acf:be49:8c14	546	ff02::1:2	547	udp	-	63.016698	588	0	S0	-	-	0	D	7	924	0	0	(empty)
51256.679148	CnsksZ2ouust4xhtlh	fe80::50be:8acf:be49:8c14	546	ff02::1:2	547	udp	-	63.016047	588	0	S0	-	-	0	D	7	924	0	0	(empty)
51683.702373	CkPFas2kfwavFLT4i6	fe80::50be:8acf:be49:8c14	546	ff02::1:2	547	udp	-	63.016048	588	0	S0	-	-	0	D	7	924	0	0	(empty)
52110.725970	CmqeCc2PEEaJZYpKsd	fe80::50be:8acf:be49:8c14	546	ff02::1:2	547	udp	-	63.016909	588	0	S0	-	-	0	D	7	924	0	0	(empty)
52537.750569	Cd2aY32bB8emBI3xeb	fe80::50be:8acf:be49:8c14	546	ff02::1:2	547	udp	-	63.015898	588	0	S0	-	-	0	D	7	924	0	0	(empty)
52964.773966	CDwFAw4M4APuIcvFzh	fe80::50be:8acf:be49:8c14	546	ff02::1:2	547	udp	-	63.016592	588	0	S0	-	-	0	D	7	924	0	0	(empty)
53391.798574	CEeva61uXVwZNYduw2	fe80::50be:8acf:be49:8c14	546	ff02::1:2	547	udp	-	63.015680	588	0	S0	-	-	0	D	7	924	0	0	(empty)
53818.819779	CLwV7V3xazsOOXjfu7	fe80::50be:8acf:be49:8c14	546	ff02::1:2	547	udp	-	63.018422	588	0	S0	-	-	0	D	7	924	0	0	(empty)
54245.846388	Cmrg84puosa8lKbd3	fe80::50be:8acf:be49:8c14	546	ff02::1:2	547	udp	-	63.015702	588	0	S0	-	-	0	D	7	924	0	0	(empty)
54672.868921	CjaOKe14RpMpB9OGj7	fe80::50be:8acf:be49:8c14	546	ff02::1:2	547	udp	-	63.017610	588	0	S0	-	-	0	D	7	924	0	0	(empty)
55099.891770	CWq5F21iL4gabCMuj6	fe80::50be:8acf:be49:8c14	546	ff02::1:2	547	udp	-	63.018108	588	0	S0	-	-	0	D	7	924	0	0	(empty)
55526.915957	CMaaDb4nQLuKNsW0d7	fe80::50be:8acf:be49:8c14	546	ff02::1:2	547	udp	-	63.018159	588	0	S0	-	-	0	D	7	924	0	0	(empty)
55953.942331	CdWsz54ej1GPcG4OT6	fe80::50be:8acf:be49:8c14	546	ff02::1:2	547	udp	-	63.015825	588	0	S0	-	-	0	D	7	924	0	0	(empty)
56380.964314	C7S7NX1aNqijbQodHl	fe80::50be:8acf:be49:8c14	546	ff02::1:2	547	udp	-	63.018151	588	0	S0	-	-	0	D	7	924	0	0	(empty)
56807.989217	CRS7f84Eni3uNyBPy8	fe80::50be:8acf:be49:8c14	546	ff02::1:2	547	udp	-	63.017225	588	0	S0	-	-	0	D	7	924	0	0	(empty)
57235.013186	COM8G41M1MZypMz3u4	fe80::50be:8acf:be49:8c14	546	ff02::1:2	547	udp	-	63.016526	588	0	S0	-	-	0	D	7	924	0	0	(empty)
57662.035763	Cs5RBh4H1Aadi6dIkl	fe80::50be:8acf:be49:8c14	546	ff02::1:2	547	udp	-	63.019162	588	0	S0	-	-	0	D	7	924	0	0	(empty)
58089.061706	ClxLX4XGxYXAnLCvj	fe80::50be:8acf:be49:8c14	546	ff02::1:2	547	udp	-	63.016710	588	0	S0	-	-	0	D	7	924	0	0	(empty)
58516.086257	CsOWKT1gKO26xvjMKl	fe80::50be:8acf:be49:8c14	546	ff02::1:2	547	udp	-	63.015566	588	0	S0	-	-	0	D	7	924	0	0	(empty)
58943.110013	CQnxFj4yYyHamC8cK9	fe80::50be:8acf:be49:8c14	546	ff02::1:2	547	udp	-	63.015618	588	0	S0	-	-	0	D	7	924	0	0	(empty)
59370.133650	ChGRgb3RXaFn4KmXXb	fe80::50be:8acf:be49:8c14	546	ff02::1:2	547	udp	-	63.016590	588	0	S0	-	-	0	D	7	924	0	0	(empty)
59797.157541	CQVefS16oPZ0TykmKh	fe80::50be:8acf:be49:8c14	546	ff02::1:2	547	udp	-	63.016714	588	0	S0	-	-	0	D	7	924	0	0	(empty)
60224.181768	CevlxA1zB1HuMnLvj1	fe80::50be:8acf:be49:8c14	546	ff02::1:2	547	udp	-	63.015893	588	0	S0	-	-	0	D	7	924	0	0	(empty)
60651.205685	COvCXz2a8ObF852Ptj	fe80::50be:8acf:be49:8c14	546	ff02::1:2	547	udp	-	63.015790	588	0	S0	-	-	0	D	7	924	0	0	(empty)
61078.229579	CThNDt4hBLMnuLuQp9	fe80::50be:8acf:be49:8c14	546	ff02::1:2	547	udp	-	63.016204	588	0	S0	-	-	0	D	7	924	0	0	(empty)
61505.253521	CiOlb01WXJ3Kddsrpi	fe80::50be:8acf:be49:8c14	546	ff02::1:2	547	udp	-	63.016153	588	0	S0	-	-	0	D	7	924	0	0	(empty)
61932.277550	CQceH44nlWdcBYHSik	fe80::50be:8acf:be49:8c14	546	ff02::1:2	547	udp	-	63.016274	588	0	S0	-	-	0	D	7	924	0	0	(empty)
62359.300204	CdnQyU20hHOzGQ0i22	fe80::50be:8acf:be49:8c14	546	ff02::1:2	547	udp	-	63.017526	588	0	S0	-	-	0	D	7	924	0	0	(empty)
62786.325767	Cu9WQH9zzZIYrEvx1	fe80::50be:8acf:be49:8c14	546	ff02::1:2	547	udp	-	63.015688	588	0	S0	-	-	0	D	7	924	0	0	(empty)
63213.347821	ChUX0n4YQ7RJVF7e38	fe80::50be:8acf:be49:8c14	546	ff02::1:2	547	udp	-	63.017521	588	0	S0	-	-	0	D	7	924	0	0	(empty)
63640.373573	CXa4Jg1anth2to0Cl7	fe80::50be:8acf:be49:8c14	546	ff02::1:2	547	udp	-	63.016326	588	0	S0	-	-	0	D	7	924	0	0	(empty)
64067.397766	CsIxBQ2oCahGSqnnp7	fe80::50be:8acf:be49:8c14	546	ff02::1:2	547	udp	-	63.015651	588	0	S0	-	-	0	D	7	924	0	0	(empty)
64494.421507	Cx97q23eXeLMblAN1f	fe80::50be:8acf:be49:8c14	546	ff02::1:2	547	udp	-	63.015906	588	0	S0	-	-	0	D	7	924	0	0	(empty)
64921.445476	CNeG4B3ABnGV4I2gKb	fe80::50be:8acf:be49:8c14	546	ff02::1:2	547	udp	-	63.015898	588	0	S0	-	-	0	D	7	924	0	0	(empty)
65348.469887	C7Lb561bhZsBilxA15	fe80::50be:8acf:be49:8c14	546	ff02::1:2	547	udp	-	63.015657	588	0	S0	-	-	0	D	7	924	0	0	(empty)
65775.493513	CXQKnz28sZRW0qvtr4	fe80::50be:8acf:be49:8c14	546	ff02::1:2	547	udp	-	63.016182	588	0	S0	-	-	0	D	7	924	0	0	(empty)
66202.516868	CPCdZr3zKi0KMJ5Zxf	fe80::50be:8acf:be49:8c14	546	ff02::1:2	547	udp	-	63.016406	588	0	S0	-	-	0	D	7	924	0	0	(empty)
66629.541140	C3LYo04vcY78c56Tak	fe80::50be:8acf:be49:8c14	546	ff02::1:2	547	udp	-	63.015958	588	0	S0	-	-	0	D	7	924	0	0	(empty)
67056.564772	CUlXMy10udUNBYLVIi	fe80::50be:8acf:be49:8c14	546	ff02::1:2	547	udp	-	63.016854	588	0	S0	-	-	0	D	7	924	0	0	(empty)
67483.589061	CyNtjN1m8a2WKGZxY2	fe80::50be:8acf:be49:8c14	546	ff02::1:2	547	udp	-	63.015941	588	0	S0	-	-	0	D	7	924	0	0	(empty)
67910.613184	COVqsSIH0337Wp2v9	fe80::50be:8acf:be49:8c14	546	ff02::1:2	547	udp	-	63.016102	588	0	S0	-	-	0	D	7	924	0	0	(empty)
68337.636750	Csoay52Li9YeGou7Ue	fe80::50be:8acf:be49:8c14	546	ff02::1:2	547	udp	-	63.016489	588	0	S0	-	-	0	D	7	924	0	0	(empty)
68764.660431	CYnxQPIg3yjeGN3Ec	fe80::50be:8acf:be49:8c14	546	ff02::1:2	547	udp	-	63.016898	588	0	S0	-	-	0	D	7	924	0	0	(empty)
69191.685005	CIhf0q3oKYU98weBD3	fe80::50be:8acf:be49:8c14	546	ff02::1:2	547	udp	-	63.015796	588	0	S0	-	-	0	D	7	924	0	0	(empty)
69618.708778	CuxCsO37aZyPZdKHM3	fe80::50be:8acf:be49:8c14	546	ff02::1:2	547	udp	-	63.015988	588	0	S0	-	-	0	D	7	924	0	0	(empty)
70045.732779	CqrxU8204q7RPuWavl	fe80::50be:8acf:be49:8c14	546	ff02::1:2	547	udp	-	63.016650	588	0	S0	-	-	0	D	7	924	0	0	(empty)
70472.756419	CgVVrI3YphjTlJvcmk	fe80::50be:8acf:be49:8c14	546	ff02::1:2	547	udp	-	63.016641	588	0	S0	-	-	0	D	7	924	0	0	(empty)
70899.780751	CiDHgu387t7TmO5XU7	fe80::50be:8acf:be49:8c14	546	ff02::1:2	547	udp	-	63.016435	588	0	S0	-	-	0	D	7	924	0	0	(empty)
71326.804886	CL0uIo3tfkL9Uy2hb6	fe80::50be:8acf:be49:8c14	546	ff02::1:2	547	udp	-	63.015737	588	0	S0	-	-	0	D	7	924	0	0	(empty)
71753.829165	CGA3Ez2ZvXLavtKOzk	fe80::50be:8acf:be49:8c14	546	ff02::1:2	547	udp	-	63.015562	588	0	S0	-	-	0	D	7	924	0	0	(empty)
72180.852252	Crqw3D3AfRbURRps4i	fe80::50be:8acf:be49:8c14	546	ff02::1:2	547	udp	-	63.017196	588	0	S0	-	-	0	D	7	924	0	0	(empty)
72607.877062	CHVTEx1H0JwPWRTPxh	fe80::50be:8acf:be49:8c14	546	ff02::1:2	547	udp	-	63.015839	588	0	S0	-	-	0	D	7	924	0	0	(empty)
73034.900650	CkW9gm1iG9bf5W4esi	fe80::50be:8acf:be49:8c14	546	ff02::1:2	547	udp	-	63.016585	588	0	S0	-	-	0	D	7	924	0	0	(empty)
73461.924278	CiNxxB2EGO95zFWpDl	fe80::50be:8acf:be49:8c14	546	ff02::1:2	547	udp	-	63.016385	588	0	S0	-	-	0	D	7	924	0	0	(empty)
73888.948599	CQgoGQ3NqBKw13A2e	fe80::50be:8acf:be49:8c14	546	ff02::1:2	547	udp	-	63.017139	588	0	S0	-	-	0	D	7	924	0	0	(empty)
74315.972352	C13rGi34WJfS2c4Bch	fe80::50be:8acf:be49:8c14	546	ff02::1:2	547	udp	-	63.016306	588	0	S0	-	-	0	D	7	924	0	0	(empty)
74742.996456	CW6oG33zTGpHZL9GNb	fe80::50be:8acf:be49:8c14	546	ff02::1:2	547	udp	-	63.016382	588	0	S0	-	-	0	D	7	924	0	0	(empty)
75170.019258	CQnykEYE7NhgzWYZ9	fe80::50be:8acf:be49:8c14	546	ff02::1:2	547	udp	-	63.017047	588	0	S0	-	-	0	D	7	924	0	0	(empty)
75597.044818	Cm5wTyKqpDqH6sat	fe80::50be:8acf:be49:8c14	546	ff02::1:2	547	udp	-	63.015959	588	0	S0	-	-	0	D	7	924	0	0	(empty)
76024.068359	CvlO7n3F6z66hUIOU3	fe80::50be:8acf:be49:8c14	546	ff02::1:2	547	udp	-	63.016410	588	0	S0	-	-	0	D	7	924	0	0	(empty)
76451.092521	CuyS7WjMyG9FctEab	fe80::50be:8acf:be49:8c14	546	ff02::1:2	547	udp	-	63.015820	588	0	S0	-	-	0	D	7	924	0	0	(empty)
76878.115989	CEcSX137OufsddEy8c	fe80::50be:8acf:be49:8c14	546	ff02::1:2	547	udp	-	63.016365	588	0	S0	-	-	0	D	7	924	0	0	(empty)
77305.140365	Ch5eVE2GPBMeU2vpu8	fe80::50be:8acf:be49:8c14	546	ff02::1:2	547	udp	-	63.016044	588	0	S0	-	-	0	D	7	924	0	0	(empty)
77732.164039	CQqKxu1GOynB02doEl	fe80::50be:8acf:be49:8c14	546	ff02::1:2	547	udp	-	63.016046	588	0	S0	-	-	0	D	7	924	0	0	(empty)
78159.188237	CgWlZs3QDdADSyGV3	fe80::50be:8acf:be49:8c14	546	ff02::1:2	547	udp	-	63.016113	588	0	S0	-	-	0	D	7	924	0	0	(empty)
78586.212217	CuPDAo35J2XlqLBZmc	fe80::50be:8acf:be49:8c14	546	ff02::1:2	547	udp	-	63.016505	588	0	S0	-	-	0	D	7	924	0	0	(empty)
79013.236386	C2hM7k3xc44Yb28ftd	fe80::50be:8acf:be49:8c14	546	ff02::1:2	547	udp	-	63.016291	588	0	S0	-	-	0	D	7	924	0	0	(empty)
79440.260088	CuHh6327sZBuClZBj5	fe80::50be:8acf:be49:8c14	546	ff02::1:2	547	udp	-	63.015833	588	0	S0	-	-	0	D	7	924	0	0	(empty)
79867.283789	CIqEpy20PaDJ2ffw3c	fe80::50be:8acf:be49:8c14	546	ff02::1:2	547	udp	-	63.016789	588	0	S0	-	-	0	D	7	924	0	0	(empty)
80294.308108	CTBMjK6XYayyCfOQd	fe80::50be:8acf:be49:8c14	546	ff02::1:2	547	udp	-	63.016303	588	0	S0	-	-	0	D	7	924	0	0	(empty)
80721.331847	CAupft2JTnhR626LHe	fe80::50be:8acf:be49:8c14	546	ff02::1:2	547	udp	-	63.016054	588	0	S0	-	-	0	D	7	924	0	0	(empty)
81148.355988	CwDlZw2sXs3mg2pqp4	fe80::50be:8acf:be49:8c14	546	ff02::1:2	547	udp	-	63.016314	588	0	S0	-	-	0	D	7	924	0	0	(empty)
81575.380416	Clluxx4cNWI893eC48	fe80::50be:8acf:be49:8c14	546	ff02::1:2	547	udp	-	63.015462	588	0	S0	-	-	0	D	7	924	0	0	(empty)
82002.403857	Cl3T1m1nFVeTGiJHUd	fe80::50be:8acf:be49:8c14	546	ff02::1:2	547	udp	-	63.016333	588	0	S0	-	-	0	D	7	924	0	0	(empty)
82429.427913	C7qcn32RJzyaXk8srh	fe80::50be:8acf:be49:8c14	546	ff02::1:2	547	udp	-	63.016146	588	0	S0	-	-	0	D	7	924	0	0	(empty)
82856.451797	CCgSOI3lL93VO69b9	fe80::50be:8acf:be49:8c14	546	ff02::1:2	547	udp	-	63.016437	588	0	S0	-	-	0	D	7	924	0	0	(empty)
83283.475884	CAsjAK135JL1mnbM92	fe80::50be:8acf:be49:8c14	546	ff02::1:2	547	udp	-	63.015953	588	0	S0	-	-	0	D	7	924	0	0	(empty)
83710.499423	CBqQcEqAJzPyIQKM5	fe80::50be:8acf:be49:8c14	546	ff02::1:2	547	udp	-	63.016806	588	0	S0	-	-	0	D	7	924	0	0	(empty)
84137.523383	CUwrj81ABOFroUuw29	fe80::50be:8acf:be49:8c14	546	ff02::1:2	547	udp	-	63.016612	588	0	S0	-	-	0	D	7	924	0	0	(empty)
84564.548023	CswFM61iamYio44rfc	fe80::50be:8acf:be49:8c14	546	ff02::1:2	547	udp	-	63.015639	588	0	S0	-	-	0	D	7	924	0	0	(empty)
84991.571680	CNHFC7cscfPTBn1Qk	fe80::50be:8acf:be49:8c14	546	ff02::1:2	547	udp	-	63.016137	588	0	S0	-	-	0	D	7	924	0	0	(empty)
85418.595744	CgDH5x3JqbctcLn5Qf	fe80::50be:8acf:be49:8c14	546	ff02::1:2	547	udp	-	63.016542	588	0	S0	-	-	0	D	7	924	0	0	(empty)
85845.619366	CHJ2SdPNUkkKD8tDf	fe80::50be:8acf:be49:8c14	546	ff02::1:2	547	udp	-	63.016471	588	0	S0	-	-	0	D	7	924	0	0	(empty)
86272.643611	CVBtGP1uBhSW96cxE7	fe80::50be:8acf:be49:8c14	546	ff02::1:2	547	udp	-	63.016080	588	0	S0	-	-	0	D	7	924	0	0	(empty)
#close	2017-07-25-19-16-18
